2025-01-30 10:55:32 [main] INFO  com.neuralytics.tests.BaseTest - Setting up browser for the test suite...
2025-01-30 10:55:34 [main] INFO  com.neuralytics.tests.BaseTest - Browser setup completed.
2025-01-30 10:55:34 [main] WARN  com.neuralytics.utils.ReportManager - Attempted to log INFO, but no active test found.
2025-01-30 10:55:34 [main] INFO  com.neuralytics.listeners.TestListener - Test Suite Started: Regression Tests
2025-01-30 10:55:34 [main] INFO  com.neuralytics.tests.BaseTest - Setting up test: testAccountAndListsMenu
2025-01-30 10:55:34 [main] WARN  com.neuralytics.utils.ReportManager - Attempted to log INFO, but no active test found.

--- Test Execution Log ---
Start Time: 2025-01-30 10:55:34
2025-01-30 10:55:34 - Starting test: testAccountAndListsMenu
2025-01-30 10:55:34 [main] INFO  com.neuralytics.tests.BaseTest - Navigating to base URL: https://www.amazon.in
2025-01-30 10:55:35 [main] INFO  com.neuralytics.tests.BaseTest - Test setup completed for: testAccountAndListsMenu
2025-01-30 10:55:35 - Starting test: testAccountAndListsMenu
2025-01-30 10:55:35 - [INFO] Test Started: testAccountAndListsMenu
2025-01-30 10:55:35 [main] INFO  com.neuralytics.listeners.TestListener - Test Started: testAccountAndListsMenu
2025-01-30 10:55:35 - [INFO] Starting test: testAccountAndListsMenu
2025-01-30 10:55:35 - [INFO] SeleniumWrapper initialized with timeout: 10 seconds
2025-01-30 10:55:35 - [INFO] Navigating to the 'Account & Lists' menu.
2025-01-30 10:55:36 [main] INFO  com.neuralytics.utils.SeleniumWrapper - Clicking element: By.id: nav-link-accountList
2025-01-30 10:55:36 - [INFO] Clicking element: By.id: nav-link-accountList
2025-01-30 10:55:36 - [PASS] Successfully clicked element: By.id: nav-link-accountList
2025-01-30 10:55:36 - [PASS] Navigation to 'Account & Lists' menu completed successfully.
2025-01-30 10:55:36 - [PASS] Test Passed: testAccountAndListsMenu
2025-01-30 10:55:36 [main] INFO  com.neuralytics.listeners.TestListener - Test Passed: testAccountAndListsMenu
2025-01-30 10:55:36 [main] INFO  com.neuralytics.tests.BaseTest - Tearing down test...
2025-01-30 10:55:36 [main] INFO  com.neuralytics.tests.BaseTest - All cookies deleted successfully.
2025-01-30 10:55:36 - Ending test.
2025-01-30 10:55:36 [main] INFO  com.neuralytics.tests.BaseTest - Setting up test: testNavigateToCart
2025-01-30 10:55:36 [main] WARN  com.neuralytics.utils.ReportManager - Attempted to log INFO, but no active test found.
2025-01-30 10:55:36 - Starting test: testNavigateToCart
2025-01-30 10:55:36 [main] INFO  com.neuralytics.tests.BaseTest - Navigating to base URL: https://www.amazon.in
2025-01-30 10:55:38 [main] INFO  com.neuralytics.tests.BaseTest - Test setup completed for: testNavigateToCart
2025-01-30 10:55:38 - Starting test: testNavigateToCart
2025-01-30 10:55:38 - [INFO] Test Started: testNavigateToCart
2025-01-30 10:55:38 [main] INFO  com.neuralytics.listeners.TestListener - Test Started: testNavigateToCart
2025-01-30 10:55:38 - [INFO] Starting test: testNavigateToCart
2025-01-30 10:55:38 - [INFO] SeleniumWrapper initialized with timeout: 10 seconds
2025-01-30 10:55:38 - [INFO] Navigating to the cart page.
2025-01-30 10:55:38 [main] INFO  com.neuralytics.utils.SeleniumWrapper - Clicking element: By.id: nav-cart
2025-01-30 10:55:38 - [INFO] Clicking element: By.id: nav-cart
2025-01-30 10:55:38 - [PASS] Successfully clicked element: By.id: nav-cart
2025-01-30 10:55:38 - [PASS] Navigation to cart completed successfully.
2025-01-30 10:55:38 - [PASS] Test Passed: testNavigateToCart
2025-01-30 10:55:38 [main] INFO  com.neuralytics.listeners.TestListener - Test Passed: testNavigateToCart
2025-01-30 10:55:38 [main] INFO  com.neuralytics.tests.BaseTest - Tearing down test...
2025-01-30 10:55:38 [main] INFO  com.neuralytics.tests.BaseTest - All cookies deleted successfully.
2025-01-30 10:55:38 - Ending test.
2025-01-30 10:55:38 [main] INFO  com.neuralytics.tests.BaseTest - Setting up test: testNavigationBarVisibility
2025-01-30 10:55:38 [main] WARN  com.neuralytics.utils.ReportManager - Attempted to log INFO, but no active test found.
2025-01-30 10:55:38 - Starting test: testNavigationBarVisibility
2025-01-30 10:55:38 [main] INFO  com.neuralytics.tests.BaseTest - Navigating to base URL: https://www.amazon.in
2025-01-30 10:55:40 [main] INFO  com.neuralytics.tests.BaseTest - Test setup completed for: testNavigationBarVisibility
2025-01-30 10:55:40 - Starting test: testNavigationBarVisibility
2025-01-30 10:55:40 - [INFO] Test Started: testNavigationBarVisibility
2025-01-30 10:55:40 [main] INFO  com.neuralytics.listeners.TestListener - Test Started: testNavigationBarVisibility
2025-01-30 10:55:40 - [INFO] Starting test: testNavigationBarVisibility
2025-01-30 10:55:40 - [INFO] SeleniumWrapper initialized with timeout: 10 seconds
2025-01-30 10:55:40 - [INFO] Checking if the search box is displayed.
2025-01-30 10:55:40 - [PASS] Element is displayed: By.id: twotabsearchtextbox
2025-01-30 10:55:40 - [INFO] Search box is displayed.
2025-01-30 10:55:40 - [INFO] Checking if the cart icon is displayed.
2025-01-30 10:55:40 - [PASS] Element is displayed: By.id: nav-cart
2025-01-30 10:55:40 - [INFO] Cart icon is displayed.
2025-01-30 10:55:40 - [INFO] Checking if the 'Account & Lists' menu is displayed.
2025-01-30 10:55:40 - [PASS] Element is displayed: By.id: nav-link-accountList
2025-01-30 10:55:40 - [INFO] 'Account & Lists' menu is displayed.
2025-01-30 10:55:40 - [PASS] Navigation bar visibility checks completed successfully.
2025-01-30 10:55:40 - [PASS] Test Passed: testNavigationBarVisibility
2025-01-30 10:55:40 [main] INFO  com.neuralytics.listeners.TestListener - Test Passed: testNavigationBarVisibility
2025-01-30 10:55:40 [main] INFO  com.neuralytics.tests.BaseTest - Tearing down test...
2025-01-30 10:55:40 [main] INFO  com.neuralytics.tests.BaseTest - All cookies deleted successfully.
2025-01-30 10:55:40 - Ending test.
2025-01-30 10:55:40 [main] INFO  com.neuralytics.tests.BaseTest - Setting up test: testOpenAllCategoriesMenu
2025-01-30 10:55:40 [main] WARN  com.neuralytics.utils.ReportManager - Attempted to log INFO, but no active test found.
2025-01-30 10:55:40 - Starting test: testOpenAllCategoriesMenu
2025-01-30 10:55:40 [main] INFO  com.neuralytics.tests.BaseTest - Navigating to base URL: https://www.amazon.in
2025-01-30 10:55:41 [main] INFO  com.neuralytics.tests.BaseTest - Test setup completed for: testOpenAllCategoriesMenu
2025-01-30 10:55:41 - Starting test: testOpenAllCategoriesMenu
2025-01-30 10:55:41 - [INFO] Test Started: testOpenAllCategoriesMenu
2025-01-30 10:55:41 [main] INFO  com.neuralytics.listeners.TestListener - Test Started: testOpenAllCategoriesMenu
2025-01-30 10:55:41 - [INFO] Starting test: testOpenAllCategoriesMenu
2025-01-30 10:55:41 - [INFO] SeleniumWrapper initialized with timeout: 10 seconds
2025-01-30 10:55:41 - [INFO] Opening the 'All Categories' menu.
2025-01-30 10:55:41 [main] INFO  com.neuralytics.utils.SeleniumWrapper - Clicking element: By.id: nav-hamburger-menu
2025-01-30 10:55:41 - [INFO] Clicking element: By.id: nav-hamburger-menu
2025-01-30 10:55:41 - [PASS] Successfully clicked element: By.id: nav-hamburger-menu
2025-01-30 10:55:41 - [PASS] 'All Categories' menu opened successfully.
2025-01-30 10:55:41 - [PASS] Test Passed: testOpenAllCategoriesMenu
2025-01-30 10:55:41 [main] INFO  com.neuralytics.listeners.TestListener - Test Passed: testOpenAllCategoriesMenu
2025-01-30 10:55:41 [main] INFO  com.neuralytics.tests.BaseTest - Tearing down test...
2025-01-30 10:55:41 [main] INFO  com.neuralytics.tests.BaseTest - All cookies deleted successfully.
2025-01-30 10:55:41 - Ending test.
2025-01-30 10:55:41 [main] INFO  com.neuralytics.tests.BaseTest - Setting up test: testSearchFunctionality
2025-01-30 10:55:41 [main] WARN  com.neuralytics.utils.ReportManager - Attempted to log INFO, but no active test found.
2025-01-30 10:55:41 - Starting test: testSearchFunctionality
2025-01-30 10:55:41 [main] INFO  com.neuralytics.tests.BaseTest - Navigating to base URL: https://www.amazon.in
2025-01-30 10:55:42 [main] INFO  com.neuralytics.tests.BaseTest - Test setup completed for: testSearchFunctionality
2025-01-30 10:55:42 - Starting test: testSearchFunctionality
2025-01-30 10:55:42 - [INFO] Test Started: testSearchFunctionality
2025-01-30 10:55:42 [main] INFO  com.neuralytics.listeners.TestListener - Test Started: testSearchFunctionality
2025-01-30 10:55:42 - [INFO] Starting test: testSearchFunctionality
2025-01-30 10:55:42 - [INFO] SeleniumWrapper initialized with timeout: 10 seconds
2025-01-30 10:55:42 - [INFO] Searching for product: Laptop
2025-01-30 10:55:52 [main] ERROR com.neuralytics.utils.SeleniumWrapper - Timeout while waiting for element to be visible: By.id: twotabsearchtextbox
org.openqa.selenium.TimeoutException: Expected condition failed: waiting for visibility of element located by By.id: twotabsearchtextbox (tried for 10 second(s) with 500 milliseconds interval)
Build info: version: '4.28.1', revision: '73f5ad48a2'
System info: os.name: 'Mac OS X', os.arch: 'aarch64', os.version: '15.2', java.version: '17.0.14'
Driver info: org.openqa.selenium.chrome.ChromeDriver
Capabilities {acceptInsecureCerts: false, browserName: chrome, browserVersion: 132.0.6834.160, chrome: {chromedriverVersion: 132.0.6834.159 (2d77d3fc445..., userDataDir: /var/folders/wj/9h4hptds0kd...}, fedcm:accounts: true, goog:chromeOptions: {debuggerAddress: localhost:56110}, networkConnectionEnabled: false, pageLoadStrategy: normal, platformName: mac, proxy: Proxy(), se:cdp: ws://localhost:56110/devtoo..., se:cdpVersion: 132.0.6834.160, setWindowRect: true, strictFileInteractability: false, timeouts: {implicit: 0, pageLoad: 300000, script: 30000}, unhandledPromptBehavior: dismiss and notify, webauthn:extension:credBlob: true, webauthn:extension:largeBlob: true, webauthn:extension:minPinLength: true, webauthn:extension:prf: true, webauthn:virtualAuthenticators: true}
Session ID: 35b19d060e03fdee637ab4077c494524
	at org.openqa.selenium.support.ui.WebDriverWait.timeoutException(WebDriverWait.java:84) ~[selenium-support-4.28.1.jar:?]
	at org.openqa.selenium.support.ui.FluentWait.until(FluentWait.java:228) ~[selenium-support-4.28.1.jar:?]
	at com.neuralytics.utils.SeleniumWrapper.type(SeleniumWrapper.java:82) ~[classes/:?]
	at com.neuralytics.components.AmazonNavigationBar.searchForProduct(AmazonNavigationBar.java:36) ~[classes/:?]
	at com.neuralytics.tests.AmazonNavigationTest.testSearchFunctionality(AmazonNavigationTest.java:15) ~[test-classes/:?]
	at java.base/jdk.internal.reflect.NativeMethodAccessorImpl.invoke0(Native Method) ~[?:?]
	at java.base/jdk.internal.reflect.NativeMethodAccessorImpl.invoke(NativeMethodAccessorImpl.java:77) ~[?:?]
	at java.base/jdk.internal.reflect.DelegatingMethodAccessorImpl.invoke(DelegatingMethodAccessorImpl.java:43) ~[?:?]
	at java.base/java.lang.reflect.Method.invoke(Method.java:569) ~[?:?]
	at org.testng.internal.invokers.MethodInvocationHelper.invokeMethod(MethodInvocationHelper.java:141) ~[testng-7.10.2.jar:7.10.2]
	at org.testng.internal.invokers.TestInvoker.invokeMethod(TestInvoker.java:686) ~[testng-7.10.2.jar:7.10.2]
	at org.testng.internal.invokers.TestInvoker.invokeTestMethod(TestInvoker.java:230) ~[testng-7.10.2.jar:7.10.2]
	at org.testng.internal.invokers.MethodRunner.runInSequence(MethodRunner.java:63) ~[testng-7.10.2.jar:7.10.2]
	at org.testng.internal.invokers.TestInvoker$MethodInvocationAgent.invoke(TestInvoker.java:992) ~[testng-7.10.2.jar:7.10.2]
	at org.testng.internal.invokers.TestInvoker.invokeTestMethods(TestInvoker.java:203) ~[testng-7.10.2.jar:7.10.2]
	at org.testng.internal.invokers.TestMethodWorker.invokeTestMethods(TestMethodWorker.java:154) ~[testng-7.10.2.jar:7.10.2]
	at org.testng.internal.invokers.TestMethodWorker.run(TestMethodWorker.java:134) ~[testng-7.10.2.jar:7.10.2]
	at java.base/java.util.ArrayList.forEach(ArrayList.java:1511) [?:?]
	at org.testng.TestRunner.privateRun(TestRunner.java:739) [testng-7.10.2.jar:7.10.2]
	at org.testng.TestRunner.run(TestRunner.java:614) [testng-7.10.2.jar:7.10.2]
	at org.testng.SuiteRunner.runTest(SuiteRunner.java:421) [testng-7.10.2.jar:7.10.2]
	at org.testng.SuiteRunner.runSequentially(SuiteRunner.java:413) [testng-7.10.2.jar:7.10.2]
	at org.testng.SuiteRunner.privateRun(SuiteRunner.java:373) [testng-7.10.2.jar:7.10.2]
	at org.testng.SuiteRunner.run(SuiteRunner.java:312) [testng-7.10.2.jar:7.10.2]
	at org.testng.SuiteRunnerWorker.runSuite(SuiteRunnerWorker.java:52) [testng-7.10.2.jar:7.10.2]
	at org.testng.SuiteRunnerWorker.run(SuiteRunnerWorker.java:95) [testng-7.10.2.jar:7.10.2]
	at org.testng.TestNG.runSuitesSequentially(TestNG.java:1274) [testng-7.10.2.jar:7.10.2]
	at org.testng.TestNG.runSuitesLocally(TestNG.java:1208) [testng-7.10.2.jar:7.10.2]
	at org.testng.TestNG.runSuites(TestNG.java:1112) [testng-7.10.2.jar:7.10.2]
	at org.testng.TestNG.run(TestNG.java:1079) [testng-7.10.2.jar:7.10.2]
	at org.apache.maven.surefire.testng.TestNGExecutor.run(TestNGExecutor.java:308) [surefire-testng-3.2.5.jar:3.2.5]
	at org.apache.maven.surefire.testng.TestNGXmlTestSuite.execute(TestNGXmlTestSuite.java:71) [surefire-testng-3.2.5.jar:3.2.5]
	at org.apache.maven.surefire.testng.TestNGProvider.invoke(TestNGProvider.java:113) [surefire-testng-3.2.5.jar:3.2.5]
	at org.apache.maven.surefire.booter.ForkedBooter.runSuitesInProcess(ForkedBooter.java:385) [surefire-booter-3.2.5.jar:3.2.5]
	at org.apache.maven.surefire.booter.ForkedBooter.execute(ForkedBooter.java:162) [surefire-booter-3.2.5.jar:3.2.5]
	at org.apache.maven.surefire.booter.ForkedBooter.run(ForkedBooter.java:507) [surefire-booter-3.2.5.jar:3.2.5]
	at org.apache.maven.surefire.booter.ForkedBooter.main(ForkedBooter.java:495) [surefire-booter-3.2.5.jar:3.2.5]
2025-01-30 10:55:52 - [FAIL] Timeout while waiting for element to be visible: By.id: twotabsearchtextbox
2025-01-30 10:55:52 - [FAIL] Error during testSearchFunctionality: Expected condition failed: waiting for visibility of element located by By.id: twotabsearchtextbox (tried for 10 second(s) with 500 milliseconds interval)
Build info: version: '4.28.1', revision: '73f5ad48a2'
System info: os.name: 'Mac OS X', os.arch: 'aarch64', os.version: '15.2', java.version: '17.0.14'
Driver info: org.openqa.selenium.chrome.ChromeDriver
Capabilities {acceptInsecureCerts: false, browserName: chrome, browserVersion: 132.0.6834.160, chrome: {chromedriverVersion: 132.0.6834.159 (2d77d3fc445..., userDataDir: /var/folders/wj/9h4hptds0kd...}, fedcm:accounts: true, goog:chromeOptions: {debuggerAddress: localhost:56110}, networkConnectionEnabled: false, pageLoadStrategy: normal, platformName: mac, proxy: Proxy(), se:cdp: ws://localhost:56110/devtoo..., se:cdpVersion: 132.0.6834.160, setWindowRect: true, strictFileInteractability: false, timeouts: {implicit: 0, pageLoad: 300000, script: 30000}, unhandledPromptBehavior: dismiss and notify, webauthn:extension:credBlob: true, webauthn:extension:largeBlob: true, webauthn:extension:minPinLength: true, webauthn:extension:prf: true, webauthn:virtualAuthenticators: true}
Session ID: 35b19d060e03fdee637ab4077c494524
2025-01-30 10:55:52 - [FAIL] Test Failed: testSearchFunctionality
2025-01-30 10:55:52 - [FAIL] Test failed due to an exception: Expected condition failed: waiting for visibility of element located by By.id: twotabsearchtextbox (tried for 10 second(s) with 500 milliseconds interval)
Build info: version: '4.28.1', revision: '73f5ad48a2'
System info: os.name: 'Mac OS X', os.arch: 'aarch64', os.version: '15.2', java.version: '17.0.14'
Driver info: org.openqa.selenium.chrome.ChromeDriver
Capabilities {acceptInsecureCerts: false, browserName: chrome, browserVersion: 132.0.6834.160, chrome: {chromedriverVersion: 132.0.6834.159 (2d77d3fc445..., userDataDir: /var/folders/wj/9h4hptds0kd...}, fedcm:accounts: true, goog:chromeOptions: {debuggerAddress: localhost:56110}, networkConnectionEnabled: false, pageLoadStrategy: normal, platformName: mac, proxy: Proxy(), se:cdp: ws://localhost:56110/devtoo..., se:cdpVersion: 132.0.6834.160, setWindowRect: true, strictFileInteractability: false, timeouts: {implicit: 0, pageLoad: 300000, script: 30000}, unhandledPromptBehavior: dismiss and notify, webauthn:extension:credBlob: true, webauthn:extension:largeBlob: true, webauthn:extension:minPinLength: true, webauthn:extension:prf: true, webauthn:virtualAuthenticators: true}
Session ID: 35b19d060e03fdee637ab4077c494524
2025-01-30 10:55:52 [main] ERROR com.neuralytics.listeners.TestListener - Test Failed: testSearchFunctionality
java.lang.AssertionError: Test failed due to an exception: Expected condition failed: waiting for visibility of element located by By.id: twotabsearchtextbox (tried for 10 second(s) with 500 milliseconds interval)
Build info: version: '4.28.1', revision: '73f5ad48a2'
System info: os.name: 'Mac OS X', os.arch: 'aarch64', os.version: '15.2', java.version: '17.0.14'
Driver info: org.openqa.selenium.chrome.ChromeDriver
Capabilities {acceptInsecureCerts: false, browserName: chrome, browserVersion: 132.0.6834.160, chrome: {chromedriverVersion: 132.0.6834.159 (2d77d3fc445..., userDataDir: /var/folders/wj/9h4hptds0kd...}, fedcm:accounts: true, goog:chromeOptions: {debuggerAddress: localhost:56110}, networkConnectionEnabled: false, pageLoadStrategy: normal, platformName: mac, proxy: Proxy(), se:cdp: ws://localhost:56110/devtoo..., se:cdpVersion: 132.0.6834.160, setWindowRect: true, strictFileInteractability: false, timeouts: {implicit: 0, pageLoad: 300000, script: 30000}, unhandledPromptBehavior: dismiss and notify, webauthn:extension:credBlob: true, webauthn:extension:largeBlob: true, webauthn:extension:minPinLength: true, webauthn:extension:prf: true, webauthn:virtualAuthenticators: true}
Session ID: 35b19d060e03fdee637ab4077c494524
	at org.testng.Assert.fail(Assert.java:111) ~[testng-7.10.2.jar:7.10.2]
	at com.neuralytics.tests.AmazonNavigationTest.testSearchFunctionality(AmazonNavigationTest.java:19) ~[test-classes/:?]
	at java.base/jdk.internal.reflect.NativeMethodAccessorImpl.invoke0(Native Method) ~[?:?]
	at java.base/jdk.internal.reflect.NativeMethodAccessorImpl.invoke(NativeMethodAccessorImpl.java:77) ~[?:?]
	at java.base/jdk.internal.reflect.DelegatingMethodAccessorImpl.invoke(DelegatingMethodAccessorImpl.java:43) ~[?:?]
	at java.base/java.lang.reflect.Method.invoke(Method.java:569) ~[?:?]
	at org.testng.internal.invokers.MethodInvocationHelper.invokeMethod(MethodInvocationHelper.java:141) ~[testng-7.10.2.jar:7.10.2]
	at org.testng.internal.invokers.TestInvoker.invokeMethod(TestInvoker.java:686) ~[testng-7.10.2.jar:7.10.2]
	at org.testng.internal.invokers.TestInvoker.invokeTestMethod(TestInvoker.java:230) ~[testng-7.10.2.jar:7.10.2]
	at org.testng.internal.invokers.MethodRunner.runInSequence(MethodRunner.java:63) ~[testng-7.10.2.jar:7.10.2]
	at org.testng.internal.invokers.TestInvoker$MethodInvocationAgent.invoke(TestInvoker.java:992) ~[testng-7.10.2.jar:7.10.2]
	at org.testng.internal.invokers.TestInvoker.invokeTestMethods(TestInvoker.java:203) ~[testng-7.10.2.jar:7.10.2]
	at org.testng.internal.invokers.TestMethodWorker.invokeTestMethods(TestMethodWorker.java:154) ~[testng-7.10.2.jar:7.10.2]
	at org.testng.internal.invokers.TestMethodWorker.run(TestMethodWorker.java:134) ~[testng-7.10.2.jar:7.10.2]
	at java.base/java.util.ArrayList.forEach(ArrayList.java:1511) [?:?]
	at org.testng.TestRunner.privateRun(TestRunner.java:739) [testng-7.10.2.jar:7.10.2]
	at org.testng.TestRunner.run(TestRunner.java:614) [testng-7.10.2.jar:7.10.2]
	at org.testng.SuiteRunner.runTest(SuiteRunner.java:421) [testng-7.10.2.jar:7.10.2]
	at org.testng.SuiteRunner.runSequentially(SuiteRunner.java:413) [testng-7.10.2.jar:7.10.2]
	at org.testng.SuiteRunner.privateRun(SuiteRunner.java:373) [testng-7.10.2.jar:7.10.2]
	at org.testng.SuiteRunner.run(SuiteRunner.java:312) [testng-7.10.2.jar:7.10.2]
	at org.testng.SuiteRunnerWorker.runSuite(SuiteRunnerWorker.java:52) [testng-7.10.2.jar:7.10.2]
	at org.testng.SuiteRunnerWorker.run(SuiteRunnerWorker.java:95) [testng-7.10.2.jar:7.10.2]
	at org.testng.TestNG.runSuitesSequentially(TestNG.java:1274) [testng-7.10.2.jar:7.10.2]
	at org.testng.TestNG.runSuitesLocally(TestNG.java:1208) [testng-7.10.2.jar:7.10.2]
	at org.testng.TestNG.runSuites(TestNG.java:1112) [testng-7.10.2.jar:7.10.2]
	at org.testng.TestNG.run(TestNG.java:1079) [testng-7.10.2.jar:7.10.2]
	at org.apache.maven.surefire.testng.TestNGExecutor.run(TestNGExecutor.java:308) [surefire-testng-3.2.5.jar:3.2.5]
	at org.apache.maven.surefire.testng.TestNGXmlTestSuite.execute(TestNGXmlTestSuite.java:71) [surefire-testng-3.2.5.jar:3.2.5]
	at org.apache.maven.surefire.testng.TestNGProvider.invoke(TestNGProvider.java:113) [surefire-testng-3.2.5.jar:3.2.5]
	at org.apache.maven.surefire.booter.ForkedBooter.runSuitesInProcess(ForkedBooter.java:385) [surefire-booter-3.2.5.jar:3.2.5]
	at org.apache.maven.surefire.booter.ForkedBooter.execute(ForkedBooter.java:162) [surefire-booter-3.2.5.jar:3.2.5]
	at org.apache.maven.surefire.booter.ForkedBooter.run(ForkedBooter.java:507) [surefire-booter-3.2.5.jar:3.2.5]
	at org.apache.maven.surefire.booter.ForkedBooter.main(ForkedBooter.java:495) [surefire-booter-3.2.5.jar:3.2.5]
2025-01-30 10:55:52 [main] ERROR com.neuralytics.listeners.TestListener - No 'getDriver' method found in test class: com.neuralytics.tests.AmazonNavigationTest
java.lang.NoSuchMethodException: com.neuralytics.tests.AmazonNavigationTest.getDriver()
	at java.base/java.lang.Class.getDeclaredMethod(Class.java:2675) ~[?:?]
	at com.neuralytics.listeners.TestListener.getDriverFromTestInstance(TestListener.java:134) ~[test-classes/:?]
	at com.neuralytics.listeners.TestListener.onTestFailure(TestListener.java:77) ~[test-classes/:?]
	at org.testng.internal.TestListenerHelper.runTestListeners(TestListenerHelper.java:115) ~[testng-7.10.2.jar:7.10.2]
	at org.testng.internal.invokers.TestInvoker.runTestResultListener(TestInvoker.java:285) ~[testng-7.10.2.jar:7.10.2]
	at org.testng.internal.invokers.TestInvoker.invokeMethod(TestInvoker.java:774) ~[testng-7.10.2.jar:7.10.2]
	at org.testng.internal.invokers.TestInvoker.invokeTestMethod(TestInvoker.java:230) ~[testng-7.10.2.jar:7.10.2]
	at org.testng.internal.invokers.MethodRunner.runInSequence(MethodRunner.java:63) ~[testng-7.10.2.jar:7.10.2]
	at org.testng.internal.invokers.TestInvoker$MethodInvocationAgent.invoke(TestInvoker.java:992) ~[testng-7.10.2.jar:7.10.2]
	at org.testng.internal.invokers.TestInvoker.invokeTestMethods(TestInvoker.java:203) ~[testng-7.10.2.jar:7.10.2]
	at org.testng.internal.invokers.TestMethodWorker.invokeTestMethods(TestMethodWorker.java:154) ~[testng-7.10.2.jar:7.10.2]
	at org.testng.internal.invokers.TestMethodWorker.run(TestMethodWorker.java:134) ~[testng-7.10.2.jar:7.10.2]
	at java.base/java.util.ArrayList.forEach(ArrayList.java:1511) [?:?]
	at org.testng.TestRunner.privateRun(TestRunner.java:739) [testng-7.10.2.jar:7.10.2]
	at org.testng.TestRunner.run(TestRunner.java:614) [testng-7.10.2.jar:7.10.2]
	at org.testng.SuiteRunner.runTest(SuiteRunner.java:421) [testng-7.10.2.jar:7.10.2]
	at org.testng.SuiteRunner.runSequentially(SuiteRunner.java:413) [testng-7.10.2.jar:7.10.2]
	at org.testng.SuiteRunner.privateRun(SuiteRunner.java:373) [testng-7.10.2.jar:7.10.2]
	at org.testng.SuiteRunner.run(SuiteRunner.java:312) [testng-7.10.2.jar:7.10.2]
	at org.testng.SuiteRunnerWorker.runSuite(SuiteRunnerWorker.java:52) [testng-7.10.2.jar:7.10.2]
	at org.testng.SuiteRunnerWorker.run(SuiteRunnerWorker.java:95) [testng-7.10.2.jar:7.10.2]
	at org.testng.TestNG.runSuitesSequentially(TestNG.java:1274) [testng-7.10.2.jar:7.10.2]
	at org.testng.TestNG.runSuitesLocally(TestNG.java:1208) [testng-7.10.2.jar:7.10.2]
	at org.testng.TestNG.runSuites(TestNG.java:1112) [testng-7.10.2.jar:7.10.2]
	at org.testng.TestNG.run(TestNG.java:1079) [testng-7.10.2.jar:7.10.2]
	at org.apache.maven.surefire.testng.TestNGExecutor.run(TestNGExecutor.java:308) [surefire-testng-3.2.5.jar:3.2.5]
	at org.apache.maven.surefire.testng.TestNGXmlTestSuite.execute(TestNGXmlTestSuite.java:71) [surefire-testng-3.2.5.jar:3.2.5]
	at org.apache.maven.surefire.testng.TestNGProvider.invoke(TestNGProvider.java:113) [surefire-testng-3.2.5.jar:3.2.5]
	at org.apache.maven.surefire.booter.ForkedBooter.runSuitesInProcess(ForkedBooter.java:385) [surefire-booter-3.2.5.jar:3.2.5]
	at org.apache.maven.surefire.booter.ForkedBooter.execute(ForkedBooter.java:162) [surefire-booter-3.2.5.jar:3.2.5]
	at org.apache.maven.surefire.booter.ForkedBooter.run(ForkedBooter.java:507) [surefire-booter-3.2.5.jar:3.2.5]
	at org.apache.maven.surefire.booter.ForkedBooter.main(ForkedBooter.java:495) [surefire-booter-3.2.5.jar:3.2.5]
2025-01-30 10:55:52 [main] INFO  com.neuralytics.tests.BaseTest - Tearing down test...
2025-01-30 10:55:52 [main] INFO  com.neuralytics.tests.BaseTest - All cookies deleted successfully.
2025-01-30 10:55:52 - Ending test.
2025-01-30 10:55:52 [main] INFO  com.neuralytics.tests.BaseTest - Setting up test: testThatRequiresRestart
2025-01-30 10:55:52 [main] WARN  com.neuralytics.utils.ReportManager - Attempted to log INFO, but no active test found.
2025-01-30 10:55:52 - Starting test: testThatRequiresRestart
2025-01-30 10:55:52 [main] INFO  com.neuralytics.tests.BaseTest - Navigating to base URL: https://www.amazon.in
2025-01-30 10:55:52 [main] INFO  com.neuralytics.tests.BaseTest - Test setup completed for: testThatRequiresRestart
2025-01-30 10:55:52 - Starting test: testThatRequiresRestart
2025-01-30 10:55:52 - [INFO] Test Started: testThatRequiresRestart
2025-01-30 10:55:52 [main] INFO  com.neuralytics.listeners.TestListener - Test Started: testThatRequiresRestart
2025-01-30 10:55:52 - [INFO] Starting test: testThatRequiresRestart
2025-01-30 10:55:52 - [INFO] SeleniumWrapper initialized with timeout: 10 seconds
2025-01-30 10:55:52 - [INFO] Performing actions that require a fresh browser.
2025-01-30 10:56:03 [main] ERROR com.neuralytics.utils.SeleniumWrapper - Timeout while waiting for element to be visible: By.id: twotabsearchtextbox
org.openqa.selenium.TimeoutException: Expected condition failed: waiting for visibility of element located by By.id: twotabsearchtextbox (tried for 10 second(s) with 500 milliseconds interval)
Build info: version: '4.28.1', revision: '73f5ad48a2'
System info: os.name: 'Mac OS X', os.arch: 'aarch64', os.version: '15.2', java.version: '17.0.14'
Driver info: org.openqa.selenium.chrome.ChromeDriver
Capabilities {acceptInsecureCerts: false, browserName: chrome, browserVersion: 132.0.6834.160, chrome: {chromedriverVersion: 132.0.6834.159 (2d77d3fc445..., userDataDir: /var/folders/wj/9h4hptds0kd...}, fedcm:accounts: true, goog:chromeOptions: {debuggerAddress: localhost:56110}, networkConnectionEnabled: false, pageLoadStrategy: normal, platformName: mac, proxy: Proxy(), se:cdp: ws://localhost:56110/devtoo..., se:cdpVersion: 132.0.6834.160, setWindowRect: true, strictFileInteractability: false, timeouts: {implicit: 0, pageLoad: 300000, script: 30000}, unhandledPromptBehavior: dismiss and notify, webauthn:extension:credBlob: true, webauthn:extension:largeBlob: true, webauthn:extension:minPinLength: true, webauthn:extension:prf: true, webauthn:virtualAuthenticators: true}
Session ID: 35b19d060e03fdee637ab4077c494524
	at org.openqa.selenium.support.ui.WebDriverWait.timeoutException(WebDriverWait.java:84) ~[selenium-support-4.28.1.jar:?]
	at org.openqa.selenium.support.ui.FluentWait.until(FluentWait.java:228) ~[selenium-support-4.28.1.jar:?]
	at com.neuralytics.utils.SeleniumWrapper.type(SeleniumWrapper.java:82) ~[classes/:?]
	at com.neuralytics.components.AmazonNavigationBar.searchForProduct(AmazonNavigationBar.java:36) ~[classes/:?]
	at com.neuralytics.tests.AmazonNavigationTest.testThatRequiresRestart(AmazonNavigationTest.java:98) ~[test-classes/:?]
	at java.base/jdk.internal.reflect.NativeMethodAccessorImpl.invoke0(Native Method) ~[?:?]
	at java.base/jdk.internal.reflect.NativeMethodAccessorImpl.invoke(NativeMethodAccessorImpl.java:77) ~[?:?]
	at java.base/jdk.internal.reflect.DelegatingMethodAccessorImpl.invoke(DelegatingMethodAccessorImpl.java:43) ~[?:?]
	at java.base/java.lang.reflect.Method.invoke(Method.java:569) ~[?:?]
	at org.testng.internal.invokers.MethodInvocationHelper.invokeMethod(MethodInvocationHelper.java:141) ~[testng-7.10.2.jar:7.10.2]
	at org.testng.internal.invokers.TestInvoker.invokeMethod(TestInvoker.java:686) ~[testng-7.10.2.jar:7.10.2]
	at org.testng.internal.invokers.TestInvoker.invokeTestMethod(TestInvoker.java:230) ~[testng-7.10.2.jar:7.10.2]
	at org.testng.internal.invokers.MethodRunner.runInSequence(MethodRunner.java:63) ~[testng-7.10.2.jar:7.10.2]
	at org.testng.internal.invokers.TestInvoker$MethodInvocationAgent.invoke(TestInvoker.java:992) ~[testng-7.10.2.jar:7.10.2]
	at org.testng.internal.invokers.TestInvoker.invokeTestMethods(TestInvoker.java:203) ~[testng-7.10.2.jar:7.10.2]
	at org.testng.internal.invokers.TestMethodWorker.invokeTestMethods(TestMethodWorker.java:154) ~[testng-7.10.2.jar:7.10.2]
	at org.testng.internal.invokers.TestMethodWorker.run(TestMethodWorker.java:134) ~[testng-7.10.2.jar:7.10.2]
	at java.base/java.util.ArrayList.forEach(ArrayList.java:1511) [?:?]
	at org.testng.TestRunner.privateRun(TestRunner.java:739) [testng-7.10.2.jar:7.10.2]
	at org.testng.TestRunner.run(TestRunner.java:614) [testng-7.10.2.jar:7.10.2]
	at org.testng.SuiteRunner.runTest(SuiteRunner.java:421) [testng-7.10.2.jar:7.10.2]
	at org.testng.SuiteRunner.runSequentially(SuiteRunner.java:413) [testng-7.10.2.jar:7.10.2]
	at org.testng.SuiteRunner.privateRun(SuiteRunner.java:373) [testng-7.10.2.jar:7.10.2]
	at org.testng.SuiteRunner.run(SuiteRunner.java:312) [testng-7.10.2.jar:7.10.2]
	at org.testng.SuiteRunnerWorker.runSuite(SuiteRunnerWorker.java:52) [testng-7.10.2.jar:7.10.2]
	at org.testng.SuiteRunnerWorker.run(SuiteRunnerWorker.java:95) [testng-7.10.2.jar:7.10.2]
	at org.testng.TestNG.runSuitesSequentially(TestNG.java:1274) [testng-7.10.2.jar:7.10.2]
	at org.testng.TestNG.runSuitesLocally(TestNG.java:1208) [testng-7.10.2.jar:7.10.2]
	at org.testng.TestNG.runSuites(TestNG.java:1112) [testng-7.10.2.jar:7.10.2]
	at org.testng.TestNG.run(TestNG.java:1079) [testng-7.10.2.jar:7.10.2]
	at org.apache.maven.surefire.testng.TestNGExecutor.run(TestNGExecutor.java:308) [surefire-testng-3.2.5.jar:3.2.5]
	at org.apache.maven.surefire.testng.TestNGXmlTestSuite.execute(TestNGXmlTestSuite.java:71) [surefire-testng-3.2.5.jar:3.2.5]
	at org.apache.maven.surefire.testng.TestNGProvider.invoke(TestNGProvider.java:113) [surefire-testng-3.2.5.jar:3.2.5]
	at org.apache.maven.surefire.booter.ForkedBooter.runSuitesInProcess(ForkedBooter.java:385) [surefire-booter-3.2.5.jar:3.2.5]
	at org.apache.maven.surefire.booter.ForkedBooter.execute(ForkedBooter.java:162) [surefire-booter-3.2.5.jar:3.2.5]
	at org.apache.maven.surefire.booter.ForkedBooter.run(ForkedBooter.java:507) [surefire-booter-3.2.5.jar:3.2.5]
	at org.apache.maven.surefire.booter.ForkedBooter.main(ForkedBooter.java:495) [surefire-booter-3.2.5.jar:3.2.5]
2025-01-30 10:56:03 - [FAIL] Timeout while waiting for element to be visible: By.id: twotabsearchtextbox
2025-01-30 10:56:03 - [FAIL] Error during testThatRequiresRestart: Expected condition failed: waiting for visibility of element located by By.id: twotabsearchtextbox (tried for 10 second(s) with 500 milliseconds interval)
Build info: version: '4.28.1', revision: '73f5ad48a2'
System info: os.name: 'Mac OS X', os.arch: 'aarch64', os.version: '15.2', java.version: '17.0.14'
Driver info: org.openqa.selenium.chrome.ChromeDriver
Capabilities {acceptInsecureCerts: false, browserName: chrome, browserVersion: 132.0.6834.160, chrome: {chromedriverVersion: 132.0.6834.159 (2d77d3fc445..., userDataDir: /var/folders/wj/9h4hptds0kd...}, fedcm:accounts: true, goog:chromeOptions: {debuggerAddress: localhost:56110}, networkConnectionEnabled: false, pageLoadStrategy: normal, platformName: mac, proxy: Proxy(), se:cdp: ws://localhost:56110/devtoo..., se:cdpVersion: 132.0.6834.160, setWindowRect: true, strictFileInteractability: false, timeouts: {implicit: 0, pageLoad: 300000, script: 30000}, unhandledPromptBehavior: dismiss and notify, webauthn:extension:credBlob: true, webauthn:extension:largeBlob: true, webauthn:extension:minPinLength: true, webauthn:extension:prf: true, webauthn:virtualAuthenticators: true}
Session ID: 35b19d060e03fdee637ab4077c494524
2025-01-30 10:56:03 - [FAIL] Test Failed: testThatRequiresRestart
2025-01-30 10:56:03 - [FAIL] Test failed due to an exception: Expected condition failed: waiting for visibility of element located by By.id: twotabsearchtextbox (tried for 10 second(s) with 500 milliseconds interval)
Build info: version: '4.28.1', revision: '73f5ad48a2'
System info: os.name: 'Mac OS X', os.arch: 'aarch64', os.version: '15.2', java.version: '17.0.14'
Driver info: org.openqa.selenium.chrome.ChromeDriver
Capabilities {acceptInsecureCerts: false, browserName: chrome, browserVersion: 132.0.6834.160, chrome: {chromedriverVersion: 132.0.6834.159 (2d77d3fc445..., userDataDir: /var/folders/wj/9h4hptds0kd...}, fedcm:accounts: true, goog:chromeOptions: {debuggerAddress: localhost:56110}, networkConnectionEnabled: false, pageLoadStrategy: normal, platformName: mac, proxy: Proxy(), se:cdp: ws://localhost:56110/devtoo..., se:cdpVersion: 132.0.6834.160, setWindowRect: true, strictFileInteractability: false, timeouts: {implicit: 0, pageLoad: 300000, script: 30000}, unhandledPromptBehavior: dismiss and notify, webauthn:extension:credBlob: true, webauthn:extension:largeBlob: true, webauthn:extension:minPinLength: true, webauthn:extension:prf: true, webauthn:virtualAuthenticators: true}
Session ID: 35b19d060e03fdee637ab4077c494524
2025-01-30 10:56:03 [main] ERROR com.neuralytics.listeners.TestListener - Test Failed: testThatRequiresRestart
java.lang.AssertionError: Test failed due to an exception: Expected condition failed: waiting for visibility of element located by By.id: twotabsearchtextbox (tried for 10 second(s) with 500 milliseconds interval)
Build info: version: '4.28.1', revision: '73f5ad48a2'
System info: os.name: 'Mac OS X', os.arch: 'aarch64', os.version: '15.2', java.version: '17.0.14'
Driver info: org.openqa.selenium.chrome.ChromeDriver
Capabilities {acceptInsecureCerts: false, browserName: chrome, browserVersion: 132.0.6834.160, chrome: {chromedriverVersion: 132.0.6834.159 (2d77d3fc445..., userDataDir: /var/folders/wj/9h4hptds0kd...}, fedcm:accounts: true, goog:chromeOptions: {debuggerAddress: localhost:56110}, networkConnectionEnabled: false, pageLoadStrategy: normal, platformName: mac, proxy: Proxy(), se:cdp: ws://localhost:56110/devtoo..., se:cdpVersion: 132.0.6834.160, setWindowRect: true, strictFileInteractability: false, timeouts: {implicit: 0, pageLoad: 300000, script: 30000}, unhandledPromptBehavior: dismiss and notify, webauthn:extension:credBlob: true, webauthn:extension:largeBlob: true, webauthn:extension:minPinLength: true, webauthn:extension:prf: true, webauthn:virtualAuthenticators: true}
Session ID: 35b19d060e03fdee637ab4077c494524
	at org.testng.Assert.fail(Assert.java:111) ~[testng-7.10.2.jar:7.10.2]
	at com.neuralytics.tests.AmazonNavigationTest.testThatRequiresRestart(AmazonNavigationTest.java:106) ~[test-classes/:?]
	at java.base/jdk.internal.reflect.NativeMethodAccessorImpl.invoke0(Native Method) ~[?:?]
	at java.base/jdk.internal.reflect.NativeMethodAccessorImpl.invoke(NativeMethodAccessorImpl.java:77) ~[?:?]
	at java.base/jdk.internal.reflect.DelegatingMethodAccessorImpl.invoke(DelegatingMethodAccessorImpl.java:43) ~[?:?]
	at java.base/java.lang.reflect.Method.invoke(Method.java:569) ~[?:?]
	at org.testng.internal.invokers.MethodInvocationHelper.invokeMethod(MethodInvocationHelper.java:141) ~[testng-7.10.2.jar:7.10.2]
	at org.testng.internal.invokers.TestInvoker.invokeMethod(TestInvoker.java:686) ~[testng-7.10.2.jar:7.10.2]
	at org.testng.internal.invokers.TestInvoker.invokeTestMethod(TestInvoker.java:230) ~[testng-7.10.2.jar:7.10.2]
	at org.testng.internal.invokers.MethodRunner.runInSequence(MethodRunner.java:63) ~[testng-7.10.2.jar:7.10.2]
	at org.testng.internal.invokers.TestInvoker$MethodInvocationAgent.invoke(TestInvoker.java:992) ~[testng-7.10.2.jar:7.10.2]
	at org.testng.internal.invokers.TestInvoker.invokeTestMethods(TestInvoker.java:203) ~[testng-7.10.2.jar:7.10.2]
	at org.testng.internal.invokers.TestMethodWorker.invokeTestMethods(TestMethodWorker.java:154) ~[testng-7.10.2.jar:7.10.2]
	at org.testng.internal.invokers.TestMethodWorker.run(TestMethodWorker.java:134) ~[testng-7.10.2.jar:7.10.2]
	at java.base/java.util.ArrayList.forEach(ArrayList.java:1511) [?:?]
	at org.testng.TestRunner.privateRun(TestRunner.java:739) [testng-7.10.2.jar:7.10.2]
	at org.testng.TestRunner.run(TestRunner.java:614) [testng-7.10.2.jar:7.10.2]
	at org.testng.SuiteRunner.runTest(SuiteRunner.java:421) [testng-7.10.2.jar:7.10.2]
	at org.testng.SuiteRunner.runSequentially(SuiteRunner.java:413) [testng-7.10.2.jar:7.10.2]
	at org.testng.SuiteRunner.privateRun(SuiteRunner.java:373) [testng-7.10.2.jar:7.10.2]
	at org.testng.SuiteRunner.run(SuiteRunner.java:312) [testng-7.10.2.jar:7.10.2]
	at org.testng.SuiteRunnerWorker.runSuite(SuiteRunnerWorker.java:52) [testng-7.10.2.jar:7.10.2]
	at org.testng.SuiteRunnerWorker.run(SuiteRunnerWorker.java:95) [testng-7.10.2.jar:7.10.2]
	at org.testng.TestNG.runSuitesSequentially(TestNG.java:1274) [testng-7.10.2.jar:7.10.2]
	at org.testng.TestNG.runSuitesLocally(TestNG.java:1208) [testng-7.10.2.jar:7.10.2]
	at org.testng.TestNG.runSuites(TestNG.java:1112) [testng-7.10.2.jar:7.10.2]
	at org.testng.TestNG.run(TestNG.java:1079) [testng-7.10.2.jar:7.10.2]
	at org.apache.maven.surefire.testng.TestNGExecutor.run(TestNGExecutor.java:308) [surefire-testng-3.2.5.jar:3.2.5]
	at org.apache.maven.surefire.testng.TestNGXmlTestSuite.execute(TestNGXmlTestSuite.java:71) [surefire-testng-3.2.5.jar:3.2.5]
	at org.apache.maven.surefire.testng.TestNGProvider.invoke(TestNGProvider.java:113) [surefire-testng-3.2.5.jar:3.2.5]
	at org.apache.maven.surefire.booter.ForkedBooter.runSuitesInProcess(ForkedBooter.java:385) [surefire-booter-3.2.5.jar:3.2.5]
	at org.apache.maven.surefire.booter.ForkedBooter.execute(ForkedBooter.java:162) [surefire-booter-3.2.5.jar:3.2.5]
	at org.apache.maven.surefire.booter.ForkedBooter.run(ForkedBooter.java:507) [surefire-booter-3.2.5.jar:3.2.5]
	at org.apache.maven.surefire.booter.ForkedBooter.main(ForkedBooter.java:495) [surefire-booter-3.2.5.jar:3.2.5]
2025-01-30 10:56:03 [main] ERROR com.neuralytics.listeners.TestListener - No 'getDriver' method found in test class: com.neuralytics.tests.AmazonNavigationTest
java.lang.NoSuchMethodException: com.neuralytics.tests.AmazonNavigationTest.getDriver()
	at java.base/java.lang.Class.getDeclaredMethod(Class.java:2675) ~[?:?]
	at com.neuralytics.listeners.TestListener.getDriverFromTestInstance(TestListener.java:134) ~[test-classes/:?]
	at com.neuralytics.listeners.TestListener.onTestFailure(TestListener.java:77) ~[test-classes/:?]
	at org.testng.internal.TestListenerHelper.runTestListeners(TestListenerHelper.java:115) ~[testng-7.10.2.jar:7.10.2]
	at org.testng.internal.invokers.TestInvoker.runTestResultListener(TestInvoker.java:285) ~[testng-7.10.2.jar:7.10.2]
	at org.testng.internal.invokers.TestInvoker.invokeMethod(TestInvoker.java:774) ~[testng-7.10.2.jar:7.10.2]
	at org.testng.internal.invokers.TestInvoker.invokeTestMethod(TestInvoker.java:230) ~[testng-7.10.2.jar:7.10.2]
	at org.testng.internal.invokers.MethodRunner.runInSequence(MethodRunner.java:63) ~[testng-7.10.2.jar:7.10.2]
	at org.testng.internal.invokers.TestInvoker$MethodInvocationAgent.invoke(TestInvoker.java:992) ~[testng-7.10.2.jar:7.10.2]
	at org.testng.internal.invokers.TestInvoker.invokeTestMethods(TestInvoker.java:203) ~[testng-7.10.2.jar:7.10.2]
	at org.testng.internal.invokers.TestMethodWorker.invokeTestMethods(TestMethodWorker.java:154) ~[testng-7.10.2.jar:7.10.2]
	at org.testng.internal.invokers.TestMethodWorker.run(TestMethodWorker.java:134) ~[testng-7.10.2.jar:7.10.2]
	at java.base/java.util.ArrayList.forEach(ArrayList.java:1511) [?:?]
	at org.testng.TestRunner.privateRun(TestRunner.java:739) [testng-7.10.2.jar:7.10.2]
	at org.testng.TestRunner.run(TestRunner.java:614) [testng-7.10.2.jar:7.10.2]
	at org.testng.SuiteRunner.runTest(SuiteRunner.java:421) [testng-7.10.2.jar:7.10.2]
	at org.testng.SuiteRunner.runSequentially(SuiteRunner.java:413) [testng-7.10.2.jar:7.10.2]
	at org.testng.SuiteRunner.privateRun(SuiteRunner.java:373) [testng-7.10.2.jar:7.10.2]
	at org.testng.SuiteRunner.run(SuiteRunner.java:312) [testng-7.10.2.jar:7.10.2]
	at org.testng.SuiteRunnerWorker.runSuite(SuiteRunnerWorker.java:52) [testng-7.10.2.jar:7.10.2]
	at org.testng.SuiteRunnerWorker.run(SuiteRunnerWorker.java:95) [testng-7.10.2.jar:7.10.2]
	at org.testng.TestNG.runSuitesSequentially(TestNG.java:1274) [testng-7.10.2.jar:7.10.2]
	at org.testng.TestNG.runSuitesLocally(TestNG.java:1208) [testng-7.10.2.jar:7.10.2]
	at org.testng.TestNG.runSuites(TestNG.java:1112) [testng-7.10.2.jar:7.10.2]
	at org.testng.TestNG.run(TestNG.java:1079) [testng-7.10.2.jar:7.10.2]
	at org.apache.maven.surefire.testng.TestNGExecutor.run(TestNGExecutor.java:308) [surefire-testng-3.2.5.jar:3.2.5]
	at org.apache.maven.surefire.testng.TestNGXmlTestSuite.execute(TestNGXmlTestSuite.java:71) [surefire-testng-3.2.5.jar:3.2.5]
	at org.apache.maven.surefire.testng.TestNGProvider.invoke(TestNGProvider.java:113) [surefire-testng-3.2.5.jar:3.2.5]
	at org.apache.maven.surefire.booter.ForkedBooter.runSuitesInProcess(ForkedBooter.java:385) [surefire-booter-3.2.5.jar:3.2.5]
	at org.apache.maven.surefire.booter.ForkedBooter.execute(ForkedBooter.java:162) [surefire-booter-3.2.5.jar:3.2.5]
	at org.apache.maven.surefire.booter.ForkedBooter.run(ForkedBooter.java:507) [surefire-booter-3.2.5.jar:3.2.5]
	at org.apache.maven.surefire.booter.ForkedBooter.main(ForkedBooter.java:495) [surefire-booter-3.2.5.jar:3.2.5]
2025-01-30 10:56:03 [main] INFO  com.neuralytics.tests.BaseTest - Tearing down test...
2025-01-30 10:56:03 [main] INFO  com.neuralytics.tests.BaseTest - All cookies deleted successfully.
2025-01-30 10:56:03 - Ending test.
2025-01-30 10:56:03 [main] WARN  com.neuralytics.utils.ReportManager - Attempted to log INFO, but no active test found.
2025-01-30 10:56:03 - ExtentReports flushed successfully.
End Time: 2025-01-30 10:56:03
2025-01-30 10:56:03 [main] INFO  com.neuralytics.listeners.TestListener - Test Suite Finished: Regression Tests
2025-01-30 10:56:03 [main] INFO  com.neuralytics.tests.BaseTest - Tearing down browser for the test suite...
2025-01-30 10:56:03 [main] INFO  com.neuralytics.tests.BaseTest - Browser quit successfully.
2025-01-30 10:56:03 [main] ERROR com.neuralytics.utils.ReportManager - Error writing to log file: Stream closed
java.io.IOException: Stream closed
	at java.base/sun.nio.cs.StreamEncoder.ensureOpen(StreamEncoder.java:51) ~[?:?]
	at java.base/sun.nio.cs.StreamEncoder.write(StreamEncoder.java:125) ~[?:?]
	at java.base/sun.nio.cs.StreamEncoder.write(StreamEncoder.java:142) ~[?:?]
	at java.base/java.io.OutputStreamWriter.write(OutputStreamWriter.java:223) ~[?:?]
	at java.base/java.io.Writer.write(Writer.java:249) ~[?:?]
	at com.neuralytics.utils.ReportManager.logToFile(ReportManager.java:127) [classes/:?]
	at com.neuralytics.utils.ReportManager.tearDown(ReportManager.java:110) [classes/:?]
	at com.neuralytics.tests.BaseTest.tearDownSuite(BaseTest.java:94) [test-classes/:?]
	at java.base/jdk.internal.reflect.NativeMethodAccessorImpl.invoke0(Native Method) ~[?:?]
	at java.base/jdk.internal.reflect.NativeMethodAccessorImpl.invoke(NativeMethodAccessorImpl.java:77) ~[?:?]
	at java.base/jdk.internal.reflect.DelegatingMethodAccessorImpl.invoke(DelegatingMethodAccessorImpl.java:43) ~[?:?]
	at java.base/java.lang.reflect.Method.invoke(Method.java:569) ~[?:?]
	at org.testng.internal.invokers.MethodInvocationHelper.invokeMethod(MethodInvocationHelper.java:141) [testng-7.10.2.jar:7.10.2]
	at org.testng.internal.invokers.MethodInvocationHelper.invokeMethodConsideringTimeout(MethodInvocationHelper.java:71) [testng-7.10.2.jar:7.10.2]
	at org.testng.internal.invokers.ConfigInvoker.invokeConfigurationMethod(ConfigInvoker.java:400) [testng-7.10.2.jar:7.10.2]
	at org.testng.internal.invokers.ConfigInvoker.invokeConfigurations(ConfigInvoker.java:333) [testng-7.10.2.jar:7.10.2]
	at org.testng.SuiteRunner.privateRun(SuiteRunner.java:386) [testng-7.10.2.jar:7.10.2]
	at org.testng.SuiteRunner.run(SuiteRunner.java:312) [testng-7.10.2.jar:7.10.2]
	at org.testng.SuiteRunnerWorker.runSuite(SuiteRunnerWorker.java:52) [testng-7.10.2.jar:7.10.2]
	at org.testng.SuiteRunnerWorker.run(SuiteRunnerWorker.java:95) [testng-7.10.2.jar:7.10.2]
	at org.testng.TestNG.runSuitesSequentially(TestNG.java:1274) [testng-7.10.2.jar:7.10.2]
	at org.testng.TestNG.runSuitesLocally(TestNG.java:1208) [testng-7.10.2.jar:7.10.2]
	at org.testng.TestNG.runSuites(TestNG.java:1112) [testng-7.10.2.jar:7.10.2]
	at org.testng.TestNG.run(TestNG.java:1079) [testng-7.10.2.jar:7.10.2]
	at org.apache.maven.surefire.testng.TestNGExecutor.run(TestNGExecutor.java:308) [surefire-testng-3.2.5.jar:3.2.5]
	at org.apache.maven.surefire.testng.TestNGXmlTestSuite.execute(TestNGXmlTestSuite.java:71) [surefire-testng-3.2.5.jar:3.2.5]
	at org.apache.maven.surefire.testng.TestNGProvider.invoke(TestNGProvider.java:113) [surefire-testng-3.2.5.jar:3.2.5]
	at org.apache.maven.surefire.booter.ForkedBooter.runSuitesInProcess(ForkedBooter.java:385) [surefire-booter-3.2.5.jar:3.2.5]
	at org.apache.maven.surefire.booter.ForkedBooter.execute(ForkedBooter.java:162) [surefire-booter-3.2.5.jar:3.2.5]
	at org.apache.maven.surefire.booter.ForkedBooter.run(ForkedBooter.java:507) [surefire-booter-3.2.5.jar:3.2.5]
	at org.apache.maven.surefire.booter.ForkedBooter.main(ForkedBooter.java:495) [surefire-booter-3.2.5.jar:3.2.5]
2025-01-30 10:56:03 [main] ERROR com.neuralytics.utils.ReportManager - Error closing log file: Stream closed
java.io.IOException: Stream closed
	at java.base/sun.nio.cs.StreamEncoder.ensureOpen(StreamEncoder.java:51) ~[?:?]
	at java.base/sun.nio.cs.StreamEncoder.write(StreamEncoder.java:125) ~[?:?]
	at java.base/sun.nio.cs.StreamEncoder.write(StreamEncoder.java:142) ~[?:?]
	at java.base/java.io.OutputStreamWriter.write(OutputStreamWriter.java:223) ~[?:?]
	at java.base/java.io.Writer.write(Writer.java:249) ~[?:?]
	at com.neuralytics.utils.ReportManager.closeLogFile(ReportManager.java:141) [classes/:?]
	at com.neuralytics.utils.ReportManager.tearDown(ReportManager.java:113) [classes/:?]
	at com.neuralytics.tests.BaseTest.tearDownSuite(BaseTest.java:94) [test-classes/:?]
	at java.base/jdk.internal.reflect.NativeMethodAccessorImpl.invoke0(Native Method) ~[?:?]
	at java.base/jdk.internal.reflect.NativeMethodAccessorImpl.invoke(NativeMethodAccessorImpl.java:77) ~[?:?]
	at java.base/jdk.internal.reflect.DelegatingMethodAccessorImpl.invoke(DelegatingMethodAccessorImpl.java:43) ~[?:?]
	at java.base/java.lang.reflect.Method.invoke(Method.java:569) ~[?:?]
	at org.testng.internal.invokers.MethodInvocationHelper.invokeMethod(MethodInvocationHelper.java:141) [testng-7.10.2.jar:7.10.2]
	at org.testng.internal.invokers.MethodInvocationHelper.invokeMethodConsideringTimeout(MethodInvocationHelper.java:71) [testng-7.10.2.jar:7.10.2]
	at org.testng.internal.invokers.ConfigInvoker.invokeConfigurationMethod(ConfigInvoker.java:400) [testng-7.10.2.jar:7.10.2]
	at org.testng.internal.invokers.ConfigInvoker.invokeConfigurations(ConfigInvoker.java:333) [testng-7.10.2.jar:7.10.2]
	at org.testng.SuiteRunner.privateRun(SuiteRunner.java:386) [testng-7.10.2.jar:7.10.2]
	at org.testng.SuiteRunner.run(SuiteRunner.java:312) [testng-7.10.2.jar:7.10.2]
	at org.testng.SuiteRunnerWorker.runSuite(SuiteRunnerWorker.java:52) [testng-7.10.2.jar:7.10.2]
	at org.testng.SuiteRunnerWorker.run(SuiteRunnerWorker.java:95) [testng-7.10.2.jar:7.10.2]
	at org.testng.TestNG.runSuitesSequentially(TestNG.java:1274) [testng-7.10.2.jar:7.10.2]
	at org.testng.TestNG.runSuitesLocally(TestNG.java:1208) [testng-7.10.2.jar:7.10.2]
	at org.testng.TestNG.runSuites(TestNG.java:1112) [testng-7.10.2.jar:7.10.2]
	at org.testng.TestNG.run(TestNG.java:1079) [testng-7.10.2.jar:7.10.2]
	at org.apache.maven.surefire.testng.TestNGExecutor.run(TestNGExecutor.java:308) [surefire-testng-3.2.5.jar:3.2.5]
	at org.apache.maven.surefire.testng.TestNGXmlTestSuite.execute(TestNGXmlTestSuite.java:71) [surefire-testng-3.2.5.jar:3.2.5]
	at org.apache.maven.surefire.testng.TestNGProvider.invoke(TestNGProvider.java:113) [surefire-testng-3.2.5.jar:3.2.5]
	at org.apache.maven.surefire.booter.ForkedBooter.runSuitesInProcess(ForkedBooter.java:385) [surefire-booter-3.2.5.jar:3.2.5]
	at org.apache.maven.surefire.booter.ForkedBooter.execute(ForkedBooter.java:162) [surefire-booter-3.2.5.jar:3.2.5]
	at org.apache.maven.surefire.booter.ForkedBooter.run(ForkedBooter.java:507) [surefire-booter-3.2.5.jar:3.2.5]
	at org.apache.maven.surefire.booter.ForkedBooter.main(ForkedBooter.java:495) [surefire-booter-3.2.5.jar:3.2.5]
2025-01-30 10:59:07 [main] INFO  com.neuralytics.tests.BaseTest - Setting up browser for the test suite...
2025-01-30 10:59:08 [main] INFO  com.neuralytics.tests.BaseTest - Browser setup completed.
2025-01-30 10:59:08 [main] WARN  com.neuralytics.utils.ReportManager - Attempted to log INFO, but no active test found.
2025-01-30 10:59:08 [main] INFO  com.neuralytics.listeners.TestListener - Test Suite Started: Regression Tests
2025-01-30 10:59:08 [main] INFO  com.neuralytics.tests.BaseTest - Setting up test: testAccountAndListsMenu
2025-01-30 10:59:08 [main] WARN  com.neuralytics.utils.ReportManager - Attempted to log INFO, but no active test found.

--- Test Execution Log ---
Start Time: 2025-01-30 10:59:08
2025-01-30 10:59:08 - Starting test: testAccountAndListsMenu
2025-01-30 10:59:08 [main] INFO  com.neuralytics.tests.BaseTest - Navigating to base URL: https://www.amazon.in
2025-01-30 10:59:10 [main] INFO  com.neuralytics.tests.BaseTest - Test setup completed for: testAccountAndListsMenu
2025-01-30 10:59:10 - Starting test: testAccountAndListsMenu
2025-01-30 10:59:10 - [INFO] Test Started: testAccountAndListsMenu
2025-01-30 10:59:10 [main] INFO  com.neuralytics.listeners.TestListener - Test Started: testAccountAndListsMenu
2025-01-30 10:59:10 - [INFO] Starting test: testAccountAndListsMenu
2025-01-30 10:59:10 - [INFO] SeleniumWrapper initialized with timeout: 10 seconds
2025-01-30 10:59:10 - [INFO] Navigating to the 'Account & Lists' menu.
2025-01-30 10:59:10 [main] INFO  com.neuralytics.utils.SeleniumWrapper - Clicking element: By.id: nav-link-accountList
2025-01-30 10:59:10 - [INFO] Clicking element: By.id: nav-link-accountList
2025-01-30 10:59:11 - [PASS] Successfully clicked element: By.id: nav-link-accountList
2025-01-30 10:59:11 - [PASS] Navigation to 'Account & Lists' menu completed successfully.
2025-01-30 10:59:11 - [PASS] Test Passed: testAccountAndListsMenu
2025-01-30 10:59:11 [main] INFO  com.neuralytics.listeners.TestListener - Test Passed: testAccountAndListsMenu
2025-01-30 10:59:11 [main] INFO  com.neuralytics.tests.BaseTest - Tearing down test...
2025-01-30 10:59:11 [main] INFO  com.neuralytics.tests.BaseTest - All cookies deleted successfully.
2025-01-30 10:59:11 - Ending test.
2025-01-30 10:59:11 [main] INFO  com.neuralytics.tests.BaseTest - Setting up test: testNavigateToCart
2025-01-30 10:59:11 [main] WARN  com.neuralytics.utils.ReportManager - Attempted to log INFO, but no active test found.
2025-01-30 10:59:11 - Starting test: testNavigateToCart
2025-01-30 10:59:11 [main] INFO  com.neuralytics.tests.BaseTest - Navigating to base URL: https://www.amazon.in
2025-01-30 10:59:12 [main] INFO  com.neuralytics.tests.BaseTest - Test setup completed for: testNavigateToCart
2025-01-30 10:59:12 - Starting test: testNavigateToCart
2025-01-30 10:59:12 - [INFO] Test Started: testNavigateToCart
2025-01-30 10:59:12 [main] INFO  com.neuralytics.listeners.TestListener - Test Started: testNavigateToCart
2025-01-30 10:59:12 - [INFO] Starting test: testNavigateToCart
2025-01-30 10:59:12 - [INFO] SeleniumWrapper initialized with timeout: 10 seconds
2025-01-30 10:59:12 - [INFO] Navigating to the cart page.
2025-01-30 10:59:12 [main] INFO  com.neuralytics.utils.SeleniumWrapper - Clicking element: By.id: nav-cart
2025-01-30 10:59:12 - [INFO] Clicking element: By.id: nav-cart
2025-01-30 10:59:13 - [PASS] Successfully clicked element: By.id: nav-cart
2025-01-30 10:59:13 - [PASS] Navigation to cart completed successfully.
2025-01-30 10:59:13 - [PASS] Test Passed: testNavigateToCart
2025-01-30 10:59:13 [main] INFO  com.neuralytics.listeners.TestListener - Test Passed: testNavigateToCart
2025-01-30 10:59:13 [main] INFO  com.neuralytics.tests.BaseTest - Tearing down test...
2025-01-30 10:59:13 [main] INFO  com.neuralytics.tests.BaseTest - All cookies deleted successfully.
2025-01-30 10:59:13 - Ending test.
2025-01-30 10:59:13 [main] INFO  com.neuralytics.tests.BaseTest - Setting up test: testNavigationBarVisibility
2025-01-30 10:59:13 [main] WARN  com.neuralytics.utils.ReportManager - Attempted to log INFO, but no active test found.
2025-01-30 10:59:13 - Starting test: testNavigationBarVisibility
2025-01-30 10:59:13 [main] INFO  com.neuralytics.tests.BaseTest - Navigating to base URL: https://www.amazon.in
2025-01-30 10:59:15 [main] INFO  com.neuralytics.tests.BaseTest - Test setup completed for: testNavigationBarVisibility
2025-01-30 10:59:15 - Starting test: testNavigationBarVisibility
2025-01-30 10:59:15 - [INFO] Test Started: testNavigationBarVisibility
2025-01-30 10:59:15 [main] INFO  com.neuralytics.listeners.TestListener - Test Started: testNavigationBarVisibility
2025-01-30 10:59:15 - [INFO] Starting test: testNavigationBarVisibility
2025-01-30 10:59:15 - [INFO] SeleniumWrapper initialized with timeout: 10 seconds
2025-01-30 10:59:15 - [INFO] Checking if the search box is displayed.
2025-01-30 10:59:15 - [PASS] Element is displayed: By.id: twotabsearchtextbox
2025-01-30 10:59:15 - [INFO] Search box is displayed.
2025-01-30 10:59:15 - [INFO] Checking if the cart icon is displayed.
2025-01-30 10:59:15 - [PASS] Element is displayed: By.id: nav-cart
2025-01-30 10:59:15 - [INFO] Cart icon is displayed.
2025-01-30 10:59:15 - [INFO] Checking if the 'Account & Lists' menu is displayed.
2025-01-30 10:59:15 - [PASS] Element is displayed: By.id: nav-link-accountList
2025-01-30 10:59:15 - [INFO] 'Account & Lists' menu is displayed.
2025-01-30 10:59:15 - [PASS] Navigation bar visibility checks completed successfully.
2025-01-30 10:59:15 - [PASS] Test Passed: testNavigationBarVisibility
2025-01-30 10:59:15 [main] INFO  com.neuralytics.listeners.TestListener - Test Passed: testNavigationBarVisibility
2025-01-30 10:59:15 [main] INFO  com.neuralytics.tests.BaseTest - Tearing down test...
2025-01-30 10:59:15 [main] INFO  com.neuralytics.tests.BaseTest - All cookies deleted successfully.
2025-01-30 10:59:15 - Ending test.
2025-01-30 10:59:15 [main] INFO  com.neuralytics.tests.BaseTest - Setting up test: testOpenAllCategoriesMenu
2025-01-30 10:59:15 [main] WARN  com.neuralytics.utils.ReportManager - Attempted to log INFO, but no active test found.
2025-01-30 10:59:15 - Starting test: testOpenAllCategoriesMenu
2025-01-30 10:59:15 [main] INFO  com.neuralytics.tests.BaseTest - Navigating to base URL: https://www.amazon.in
2025-01-30 10:59:16 [main] INFO  com.neuralytics.tests.BaseTest - Test setup completed for: testOpenAllCategoriesMenu
2025-01-30 10:59:16 - Starting test: testOpenAllCategoriesMenu
2025-01-30 10:59:16 - [INFO] Test Started: testOpenAllCategoriesMenu
2025-01-30 10:59:16 [main] INFO  com.neuralytics.listeners.TestListener - Test Started: testOpenAllCategoriesMenu
2025-01-30 10:59:16 - [INFO] Starting test: testOpenAllCategoriesMenu
2025-01-30 10:59:16 - [INFO] SeleniumWrapper initialized with timeout: 10 seconds
2025-01-30 10:59:16 - [INFO] Opening the 'All Categories' menu.
2025-01-30 10:59:16 [main] INFO  com.neuralytics.utils.SeleniumWrapper - Clicking element: By.id: nav-hamburger-menu
2025-01-30 10:59:16 - [INFO] Clicking element: By.id: nav-hamburger-menu
2025-01-30 10:59:16 - [PASS] Successfully clicked element: By.id: nav-hamburger-menu
2025-01-30 10:59:16 - [PASS] 'All Categories' menu opened successfully.
2025-01-30 10:59:16 - [PASS] Test Passed: testOpenAllCategoriesMenu
2025-01-30 10:59:16 [main] INFO  com.neuralytics.listeners.TestListener - Test Passed: testOpenAllCategoriesMenu
2025-01-30 10:59:16 [main] INFO  com.neuralytics.tests.BaseTest - Tearing down test...
2025-01-30 10:59:16 [main] INFO  com.neuralytics.tests.BaseTest - All cookies deleted successfully.
2025-01-30 10:59:16 - Ending test.
2025-01-30 10:59:16 [main] INFO  com.neuralytics.tests.BaseTest - Setting up test: testSearchFunctionality
2025-01-30 10:59:16 [main] WARN  com.neuralytics.utils.ReportManager - Attempted to log INFO, but no active test found.
2025-01-30 10:59:16 - Starting test: testSearchFunctionality
2025-01-30 10:59:16 [main] INFO  com.neuralytics.tests.BaseTest - Navigating to base URL: https://www.amazon.in
2025-01-30 10:59:18 [main] INFO  com.neuralytics.tests.BaseTest - Test setup completed for: testSearchFunctionality
2025-01-30 10:59:18 - Starting test: testSearchFunctionality
2025-01-30 10:59:18 - [INFO] Test Started: testSearchFunctionality
2025-01-30 10:59:18 [main] INFO  com.neuralytics.listeners.TestListener - Test Started: testSearchFunctionality
2025-01-30 10:59:18 - [INFO] Starting test: testSearchFunctionality
2025-01-30 10:59:18 - [INFO] SeleniumWrapper initialized with timeout: 10 seconds
2025-01-30 10:59:18 - [INFO] Searching for product: Laptop
2025-01-30 10:59:18 [main] INFO  com.neuralytics.utils.SeleniumWrapper - Typing 'Laptop' in element: By.id: twotabsearchtextbox
2025-01-30 10:59:18 - [INFO] Typing 'Laptop' in element: By.id: twotabsearchtextbox
2025-01-30 10:59:18 - [PASS] Successfully typed 'Laptop' in element: By.id: twotabsearchtextbox
2025-01-30 10:59:18 [main] INFO  com.neuralytics.utils.SeleniumWrapper - Clicking element: By.id: nav-search-submit-button
2025-01-30 10:59:18 - [INFO] Clicking element: By.id: nav-search-submit-button
2025-01-30 10:59:20 - [PASS] Successfully clicked element: By.id: nav-search-submit-button
2025-01-30 10:59:20 - [PASS] Product search completed successfully.
2025-01-30 10:59:20 - [PASS] Test Passed: testSearchFunctionality
2025-01-30 10:59:20 [main] INFO  com.neuralytics.listeners.TestListener - Test Passed: testSearchFunctionality
2025-01-30 10:59:20 [main] INFO  com.neuralytics.tests.BaseTest - Tearing down test...
2025-01-30 10:59:20 [main] INFO  com.neuralytics.tests.BaseTest - All cookies deleted successfully.
2025-01-30 10:59:20 - Ending test.
2025-01-30 10:59:20 [main] INFO  com.neuralytics.tests.BaseTest - Setting up test: testThatRequiresRestart
2025-01-30 10:59:20 [main] WARN  com.neuralytics.utils.ReportManager - Attempted to log INFO, but no active test found.
2025-01-30 10:59:20 - Starting test: testThatRequiresRestart
2025-01-30 10:59:20 [main] INFO  com.neuralytics.tests.BaseTest - Navigating to base URL: https://www.amazon.in
2025-01-30 10:59:21 [main] INFO  com.neuralytics.tests.BaseTest - Test setup completed for: testThatRequiresRestart
2025-01-30 10:59:21 - Starting test: testThatRequiresRestart
2025-01-30 10:59:21 - [INFO] Test Started: testThatRequiresRestart
2025-01-30 10:59:21 [main] INFO  com.neuralytics.listeners.TestListener - Test Started: testThatRequiresRestart
2025-01-30 10:59:21 - [INFO] Starting test: testThatRequiresRestart
2025-01-30 10:59:21 - [INFO] SeleniumWrapper initialized with timeout: 10 seconds
2025-01-30 10:59:21 - [INFO] Performing actions that require a fresh browser.
2025-01-30 10:59:21 [main] INFO  com.neuralytics.utils.SeleniumWrapper - Typing 'Restart Test' in element: By.id: twotabsearchtextbox
2025-01-30 10:59:21 - [INFO] Typing 'Restart Test' in element: By.id: twotabsearchtextbox
2025-01-30 10:59:21 - [PASS] Successfully typed 'Restart Test' in element: By.id: twotabsearchtextbox
2025-01-30 10:59:21 [main] INFO  com.neuralytics.utils.SeleniumWrapper - Clicking element: By.id: nav-search-submit-button
2025-01-30 10:59:21 - [INFO] Clicking element: By.id: nav-search-submit-button
2025-01-30 10:59:23 - [PASS] Successfully clicked element: By.id: nav-search-submit-button
2025-01-30 10:59:23 [main] INFO  com.neuralytics.tests.BaseTest - Marking browser for restart...
2025-01-30 10:59:23 - [INFO] Marked browser for restart.
2025-01-30 10:59:23 - [PASS] Actions requiring browser restart completed successfully.
2025-01-30 10:59:23 - [PASS] Test Passed: testThatRequiresRestart
2025-01-30 10:59:23 [main] INFO  com.neuralytics.listeners.TestListener - Test Passed: testThatRequiresRestart
2025-01-30 10:59:23 [main] INFO  com.neuralytics.tests.BaseTest - Tearing down test...
2025-01-30 10:59:23 [main] INFO  com.neuralytics.tests.BaseTest - All cookies deleted successfully.
2025-01-30 10:59:23 - Ending test.
2025-01-30 10:59:23 [main] WARN  com.neuralytics.utils.ReportManager - Attempted to log INFO, but no active test found.
2025-01-30 10:59:23 - ExtentReports flushed successfully.
End Time: 2025-01-30 10:59:23
2025-01-30 10:59:23 [main] INFO  com.neuralytics.listeners.TestListener - Test Suite Finished: Regression Tests
2025-01-30 10:59:23 [main] INFO  com.neuralytics.tests.BaseTest - Tearing down browser for the test suite...
2025-01-30 10:59:23 [main] INFO  com.neuralytics.tests.BaseTest - Browser quit successfully.
2025-01-30 10:59:23 [main] ERROR com.neuralytics.utils.ReportManager - Error writing to log file: Stream closed
java.io.IOException: Stream closed
	at java.base/sun.nio.cs.StreamEncoder.ensureOpen(StreamEncoder.java:51) ~[?:?]
	at java.base/sun.nio.cs.StreamEncoder.write(StreamEncoder.java:125) ~[?:?]
	at java.base/sun.nio.cs.StreamEncoder.write(StreamEncoder.java:142) ~[?:?]
	at java.base/java.io.OutputStreamWriter.write(OutputStreamWriter.java:223) ~[?:?]
	at java.base/java.io.Writer.write(Writer.java:249) ~[?:?]
	at com.neuralytics.utils.ReportManager.logToFile(ReportManager.java:127) [classes/:?]
	at com.neuralytics.utils.ReportManager.tearDown(ReportManager.java:110) [classes/:?]
	at com.neuralytics.tests.BaseTest.tearDownSuite(BaseTest.java:94) [test-classes/:?]
	at java.base/jdk.internal.reflect.NativeMethodAccessorImpl.invoke0(Native Method) ~[?:?]
	at java.base/jdk.internal.reflect.NativeMethodAccessorImpl.invoke(NativeMethodAccessorImpl.java:77) ~[?:?]
	at java.base/jdk.internal.reflect.DelegatingMethodAccessorImpl.invoke(DelegatingMethodAccessorImpl.java:43) ~[?:?]
	at java.base/java.lang.reflect.Method.invoke(Method.java:569) ~[?:?]
	at org.testng.internal.invokers.MethodInvocationHelper.invokeMethod(MethodInvocationHelper.java:141) [testng-7.10.2.jar:7.10.2]
	at org.testng.internal.invokers.MethodInvocationHelper.invokeMethodConsideringTimeout(MethodInvocationHelper.java:71) [testng-7.10.2.jar:7.10.2]
	at org.testng.internal.invokers.ConfigInvoker.invokeConfigurationMethod(ConfigInvoker.java:400) [testng-7.10.2.jar:7.10.2]
	at org.testng.internal.invokers.ConfigInvoker.invokeConfigurations(ConfigInvoker.java:333) [testng-7.10.2.jar:7.10.2]
	at org.testng.SuiteRunner.privateRun(SuiteRunner.java:386) [testng-7.10.2.jar:7.10.2]
	at org.testng.SuiteRunner.run(SuiteRunner.java:312) [testng-7.10.2.jar:7.10.2]
	at org.testng.SuiteRunnerWorker.runSuite(SuiteRunnerWorker.java:52) [testng-7.10.2.jar:7.10.2]
	at org.testng.SuiteRunnerWorker.run(SuiteRunnerWorker.java:95) [testng-7.10.2.jar:7.10.2]
	at org.testng.TestNG.runSuitesSequentially(TestNG.java:1274) [testng-7.10.2.jar:7.10.2]
	at org.testng.TestNG.runSuitesLocally(TestNG.java:1208) [testng-7.10.2.jar:7.10.2]
	at org.testng.TestNG.runSuites(TestNG.java:1112) [testng-7.10.2.jar:7.10.2]
	at org.testng.TestNG.run(TestNG.java:1079) [testng-7.10.2.jar:7.10.2]
	at org.apache.maven.surefire.testng.TestNGExecutor.run(TestNGExecutor.java:308) [surefire-testng-3.2.5.jar:3.2.5]
	at org.apache.maven.surefire.testng.TestNGXmlTestSuite.execute(TestNGXmlTestSuite.java:71) [surefire-testng-3.2.5.jar:3.2.5]
	at org.apache.maven.surefire.testng.TestNGProvider.invoke(TestNGProvider.java:113) [surefire-testng-3.2.5.jar:3.2.5]
	at org.apache.maven.surefire.booter.ForkedBooter.runSuitesInProcess(ForkedBooter.java:385) [surefire-booter-3.2.5.jar:3.2.5]
	at org.apache.maven.surefire.booter.ForkedBooter.execute(ForkedBooter.java:162) [surefire-booter-3.2.5.jar:3.2.5]
	at org.apache.maven.surefire.booter.ForkedBooter.run(ForkedBooter.java:507) [surefire-booter-3.2.5.jar:3.2.5]
	at org.apache.maven.surefire.booter.ForkedBooter.main(ForkedBooter.java:495) [surefire-booter-3.2.5.jar:3.2.5]
2025-01-30 10:59:23 [main] ERROR com.neuralytics.utils.ReportManager - Error closing log file: Stream closed
java.io.IOException: Stream closed
	at java.base/sun.nio.cs.StreamEncoder.ensureOpen(StreamEncoder.java:51) ~[?:?]
	at java.base/sun.nio.cs.StreamEncoder.write(StreamEncoder.java:125) ~[?:?]
	at java.base/sun.nio.cs.StreamEncoder.write(StreamEncoder.java:142) ~[?:?]
	at java.base/java.io.OutputStreamWriter.write(OutputStreamWriter.java:223) ~[?:?]
	at java.base/java.io.Writer.write(Writer.java:249) ~[?:?]
	at com.neuralytics.utils.ReportManager.closeLogFile(ReportManager.java:141) [classes/:?]
	at com.neuralytics.utils.ReportManager.tearDown(ReportManager.java:113) [classes/:?]
	at com.neuralytics.tests.BaseTest.tearDownSuite(BaseTest.java:94) [test-classes/:?]
	at java.base/jdk.internal.reflect.NativeMethodAccessorImpl.invoke0(Native Method) ~[?:?]
	at java.base/jdk.internal.reflect.NativeMethodAccessorImpl.invoke(NativeMethodAccessorImpl.java:77) ~[?:?]
	at java.base/jdk.internal.reflect.DelegatingMethodAccessorImpl.invoke(DelegatingMethodAccessorImpl.java:43) ~[?:?]
	at java.base/java.lang.reflect.Method.invoke(Method.java:569) ~[?:?]
	at org.testng.internal.invokers.MethodInvocationHelper.invokeMethod(MethodInvocationHelper.java:141) [testng-7.10.2.jar:7.10.2]
	at org.testng.internal.invokers.MethodInvocationHelper.invokeMethodConsideringTimeout(MethodInvocationHelper.java:71) [testng-7.10.2.jar:7.10.2]
	at org.testng.internal.invokers.ConfigInvoker.invokeConfigurationMethod(ConfigInvoker.java:400) [testng-7.10.2.jar:7.10.2]
	at org.testng.internal.invokers.ConfigInvoker.invokeConfigurations(ConfigInvoker.java:333) [testng-7.10.2.jar:7.10.2]
	at org.testng.SuiteRunner.privateRun(SuiteRunner.java:386) [testng-7.10.2.jar:7.10.2]
	at org.testng.SuiteRunner.run(SuiteRunner.java:312) [testng-7.10.2.jar:7.10.2]
	at org.testng.SuiteRunnerWorker.runSuite(SuiteRunnerWorker.java:52) [testng-7.10.2.jar:7.10.2]
	at org.testng.SuiteRunnerWorker.run(SuiteRunnerWorker.java:95) [testng-7.10.2.jar:7.10.2]
	at org.testng.TestNG.runSuitesSequentially(TestNG.java:1274) [testng-7.10.2.jar:7.10.2]
	at org.testng.TestNG.runSuitesLocally(TestNG.java:1208) [testng-7.10.2.jar:7.10.2]
	at org.testng.TestNG.runSuites(TestNG.java:1112) [testng-7.10.2.jar:7.10.2]
	at org.testng.TestNG.run(TestNG.java:1079) [testng-7.10.2.jar:7.10.2]
	at org.apache.maven.surefire.testng.TestNGExecutor.run(TestNGExecutor.java:308) [surefire-testng-3.2.5.jar:3.2.5]
	at org.apache.maven.surefire.testng.TestNGXmlTestSuite.execute(TestNGXmlTestSuite.java:71) [surefire-testng-3.2.5.jar:3.2.5]
	at org.apache.maven.surefire.testng.TestNGProvider.invoke(TestNGProvider.java:113) [surefire-testng-3.2.5.jar:3.2.5]
	at org.apache.maven.surefire.booter.ForkedBooter.runSuitesInProcess(ForkedBooter.java:385) [surefire-booter-3.2.5.jar:3.2.5]
	at org.apache.maven.surefire.booter.ForkedBooter.execute(ForkedBooter.java:162) [surefire-booter-3.2.5.jar:3.2.5]
	at org.apache.maven.surefire.booter.ForkedBooter.run(ForkedBooter.java:507) [surefire-booter-3.2.5.jar:3.2.5]
	at org.apache.maven.surefire.booter.ForkedBooter.main(ForkedBooter.java:495) [surefire-booter-3.2.5.jar:3.2.5]
2025-01-30 11:51:54 [main] INFO  com.neuralytics.tests.BaseTest - Setting up browser for the test suite...
2025-01-30 11:51:55 [main] INFO  com.neuralytics.tests.BaseTest - Browser setup completed.
2025-01-30 11:51:55 [main] WARN  com.neuralytics.utils.ReportManager - Attempted to log INFO, but no active test found.
2025-01-30 11:51:55 [main] INFO  com.neuralytics.listeners.TestListener - Test Suite Started: Regression Tests
2025-01-30 11:51:55 [main] INFO  com.neuralytics.tests.BaseTest - Setting up test: testAccountAndListsMenu
2025-01-30 11:51:55 [main] WARN  com.neuralytics.utils.ReportManager - Attempted to log INFO, but no active test found.

--- Test Execution Log ---
Start Time: 2025-01-30 11:51:55
2025-01-30 11:51:55 - Starting test: testAccountAndListsMenu
2025-01-30 11:51:55 [main] INFO  com.neuralytics.tests.BaseTest - Navigating to base URL: https://www.amazon.in
2025-01-30 11:51:57 [main] INFO  com.neuralytics.tests.BaseTest - Test setup completed for: testAccountAndListsMenu
2025-01-30 11:51:57 - Starting test: testAccountAndListsMenu
2025-01-30 11:51:57 - [INFO] Test Started: testAccountAndListsMenu
2025-01-30 11:51:57 [main] INFO  com.neuralytics.listeners.TestListener - Test Started: testAccountAndListsMenu
2025-01-30 11:51:57 - [INFO] Starting test: testAccountAndListsMenu
2025-01-30 11:51:57 - [INFO] SeleniumWrapper initialized with timeout: 10 seconds
2025-01-30 11:51:57 - [INFO] Navigating to the 'Account & Lists' menu.
2025-01-30 11:51:57 [main] INFO  com.neuralytics.utils.SeleniumWrapper - Clicking element: By.id: nav-link-accountList
2025-01-30 11:51:57 - [INFO] Clicking element: By.id: nav-link-accountList
2025-01-30 11:51:58 - [PASS] Successfully clicked element: By.id: nav-link-accountList
2025-01-30 11:51:58 - [PASS] Navigation to 'Account & Lists' menu completed successfully.
2025-01-30 11:51:58 - [PASS] Test Passed: testAccountAndListsMenu
2025-01-30 11:51:58 [main] INFO  com.neuralytics.listeners.TestListener - Test Passed: testAccountAndListsMenu
2025-01-30 11:51:58 [main] INFO  com.neuralytics.tests.BaseTest - Tearing down test...
2025-01-30 11:51:58 [main] INFO  com.neuralytics.tests.BaseTest - All cookies deleted successfully.
2025-01-30 11:51:58 - Ending test.
2025-01-30 11:51:58 [main] INFO  com.neuralytics.tests.BaseTest - Setting up test: testNavigateToCart
2025-01-30 11:51:58 [main] WARN  com.neuralytics.utils.ReportManager - Attempted to log INFO, but no active test found.
2025-01-30 11:51:58 - Starting test: testNavigateToCart
2025-01-30 11:51:58 [main] INFO  com.neuralytics.tests.BaseTest - Navigating to base URL: https://www.amazon.in
2025-01-30 11:51:59 [main] INFO  com.neuralytics.tests.BaseTest - Test setup completed for: testNavigateToCart
2025-01-30 11:51:59 - Starting test: testNavigateToCart
2025-01-30 11:51:59 - [INFO] Test Started: testNavigateToCart
2025-01-30 11:51:59 [main] INFO  com.neuralytics.listeners.TestListener - Test Started: testNavigateToCart
2025-01-30 11:51:59 - [INFO] Starting test: testNavigateToCart
2025-01-30 11:51:59 - [INFO] SeleniumWrapper initialized with timeout: 10 seconds
2025-01-30 11:51:59 - [INFO] Navigating to the cart page.
2025-01-30 11:51:59 [main] INFO  com.neuralytics.utils.SeleniumWrapper - Clicking element: By.id: nav-cart
2025-01-30 11:51:59 - [INFO] Clicking element: By.id: nav-cart
2025-01-30 11:52:00 - [PASS] Successfully clicked element: By.id: nav-cart
2025-01-30 11:52:00 - [PASS] Navigation to cart completed successfully.
2025-01-30 11:52:00 - [PASS] Test Passed: testNavigateToCart
2025-01-30 11:52:00 [main] INFO  com.neuralytics.listeners.TestListener - Test Passed: testNavigateToCart
2025-01-30 11:52:00 [main] INFO  com.neuralytics.tests.BaseTest - Tearing down test...
2025-01-30 11:52:00 [main] INFO  com.neuralytics.tests.BaseTest - All cookies deleted successfully.
2025-01-30 11:52:00 - Ending test.
2025-01-30 11:52:00 [main] INFO  com.neuralytics.tests.BaseTest - Setting up test: testNavigationBarVisibility
2025-01-30 11:52:00 [main] WARN  com.neuralytics.utils.ReportManager - Attempted to log INFO, but no active test found.
2025-01-30 11:52:00 - Starting test: testNavigationBarVisibility
2025-01-30 11:52:00 [main] INFO  com.neuralytics.tests.BaseTest - Navigating to base URL: https://www.amazon.in
2025-01-30 11:52:01 [main] INFO  com.neuralytics.tests.BaseTest - Test setup completed for: testNavigationBarVisibility
2025-01-30 11:52:01 - Starting test: testNavigationBarVisibility
2025-01-30 11:52:01 - [INFO] Test Started: testNavigationBarVisibility
2025-01-30 11:52:01 [main] INFO  com.neuralytics.listeners.TestListener - Test Started: testNavigationBarVisibility
2025-01-30 11:52:01 - [INFO] Starting test: testNavigationBarVisibility
2025-01-30 11:52:01 - [INFO] SeleniumWrapper initialized with timeout: 10 seconds
2025-01-30 11:52:01 - [INFO] Checking if the search box is displayed.
2025-01-30 11:52:01 - [PASS] Element is displayed: By.id: twotabsearchtextbox
2025-01-30 11:52:01 - [INFO] Search box is displayed.
2025-01-30 11:52:01 - [INFO] Checking if the cart icon is displayed.
2025-01-30 11:52:01 - [PASS] Element is displayed: By.id: nav-cart
2025-01-30 11:52:01 - [INFO] Cart icon is displayed.
2025-01-30 11:52:01 - [INFO] Checking if the 'Account & Lists' menu is displayed.
2025-01-30 11:52:01 - [PASS] Element is displayed: By.id: nav-link-accountList
2025-01-30 11:52:01 - [INFO] 'Account & Lists' menu is displayed.
2025-01-30 11:52:01 - [PASS] Navigation bar visibility checks completed successfully.
2025-01-30 11:52:01 - [PASS] Test Passed: testNavigationBarVisibility
2025-01-30 11:52:01 [main] INFO  com.neuralytics.listeners.TestListener - Test Passed: testNavigationBarVisibility
2025-01-30 11:52:01 [main] INFO  com.neuralytics.tests.BaseTest - Tearing down test...
2025-01-30 11:52:01 [main] INFO  com.neuralytics.tests.BaseTest - All cookies deleted successfully.
2025-01-30 11:52:01 - Ending test.
2025-01-30 11:52:01 [main] INFO  com.neuralytics.tests.BaseTest - Setting up test: testOpenAllCategoriesMenu
2025-01-30 11:52:01 [main] WARN  com.neuralytics.utils.ReportManager - Attempted to log INFO, but no active test found.
2025-01-30 11:52:01 - Starting test: testOpenAllCategoriesMenu
2025-01-30 11:52:01 [main] INFO  com.neuralytics.tests.BaseTest - Navigating to base URL: https://www.amazon.in
2025-01-30 11:52:03 [main] INFO  com.neuralytics.tests.BaseTest - Test setup completed for: testOpenAllCategoriesMenu
2025-01-30 11:52:03 - Starting test: testOpenAllCategoriesMenu
2025-01-30 11:52:03 - [INFO] Test Started: testOpenAllCategoriesMenu
2025-01-30 11:52:03 [main] INFO  com.neuralytics.listeners.TestListener - Test Started: testOpenAllCategoriesMenu
2025-01-30 11:52:03 - [INFO] Starting test: testOpenAllCategoriesMenu
2025-01-30 11:52:03 - [INFO] SeleniumWrapper initialized with timeout: 10 seconds
2025-01-30 11:52:03 - [INFO] Opening the 'All Categories' menu.
2025-01-30 11:52:03 [main] INFO  com.neuralytics.utils.SeleniumWrapper - Clicking element: By.id: nav-hamburger-menu
2025-01-30 11:52:03 - [INFO] Clicking element: By.id: nav-hamburger-menu
2025-01-30 11:52:03 - [PASS] Successfully clicked element: By.id: nav-hamburger-menu
2025-01-30 11:52:03 - [PASS] 'All Categories' menu opened successfully.
2025-01-30 11:52:03 - [PASS] Test Passed: testOpenAllCategoriesMenu
2025-01-30 11:52:03 [main] INFO  com.neuralytics.listeners.TestListener - Test Passed: testOpenAllCategoriesMenu
2025-01-30 11:52:03 [main] INFO  com.neuralytics.tests.BaseTest - Tearing down test...
2025-01-30 11:52:03 [main] INFO  com.neuralytics.tests.BaseTest - All cookies deleted successfully.
2025-01-30 11:52:03 - Ending test.
2025-01-30 11:52:03 [main] INFO  com.neuralytics.tests.BaseTest - Setting up test: testSearchFunctionality
2025-01-30 11:52:03 [main] WARN  com.neuralytics.utils.ReportManager - Attempted to log INFO, but no active test found.
2025-01-30 11:52:03 - Starting test: testSearchFunctionality
2025-01-30 11:52:03 [main] INFO  com.neuralytics.tests.BaseTest - Navigating to base URL: https://www.amazon.in
2025-01-30 11:52:04 [main] INFO  com.neuralytics.tests.BaseTest - Test setup completed for: testSearchFunctionality
2025-01-30 11:52:04 - Starting test: testSearchFunctionality
2025-01-30 11:52:04 - [INFO] Test Started: testSearchFunctionality
2025-01-30 11:52:04 [main] INFO  com.neuralytics.listeners.TestListener - Test Started: testSearchFunctionality
2025-01-30 11:52:04 - [INFO] Starting test: testSearchFunctionality
2025-01-30 11:52:04 - [INFO] SeleniumWrapper initialized with timeout: 10 seconds
2025-01-30 11:52:04 - [INFO] Searching for product: Laptop
2025-01-30 11:52:04 [main] INFO  com.neuralytics.utils.SeleniumWrapper - Typing 'Laptop' in element: By.id: twotabsearchtextbox
2025-01-30 11:52:04 - [INFO] Typing 'Laptop' in element: By.id: twotabsearchtextbox
2025-01-30 11:52:05 - [PASS] Successfully typed 'Laptop' in element: By.id: twotabsearchtextbox
2025-01-30 11:52:05 [main] INFO  com.neuralytics.utils.SeleniumWrapper - Clicking element: By.id: nav-search-submit-button
2025-01-30 11:52:05 - [INFO] Clicking element: By.id: nav-search-submit-button
2025-01-30 11:52:06 - [PASS] Successfully clicked element: By.id: nav-search-submit-button
2025-01-30 11:52:06 - [PASS] Product search completed successfully.
2025-01-30 11:52:06 - [PASS] Test Passed: testSearchFunctionality
2025-01-30 11:52:06 [main] INFO  com.neuralytics.listeners.TestListener - Test Passed: testSearchFunctionality
2025-01-30 11:52:06 [main] INFO  com.neuralytics.tests.BaseTest - Tearing down test...
2025-01-30 11:52:06 [main] INFO  com.neuralytics.tests.BaseTest - All cookies deleted successfully.
2025-01-30 11:52:06 - Ending test.
2025-01-30 11:52:06 [main] INFO  com.neuralytics.tests.BaseTest - Setting up test: testThatRequiresRestart
2025-01-30 11:52:06 [main] WARN  com.neuralytics.utils.ReportManager - Attempted to log INFO, but no active test found.
2025-01-30 11:52:06 - Starting test: testThatRequiresRestart
2025-01-30 11:52:06 [main] INFO  com.neuralytics.tests.BaseTest - Navigating to base URL: https://www.amazon.in
2025-01-30 11:52:07 [main] INFO  com.neuralytics.tests.BaseTest - Test setup completed for: testThatRequiresRestart
2025-01-30 11:52:07 - Starting test: testThatRequiresRestart
2025-01-30 11:52:07 - [INFO] Test Started: testThatRequiresRestart
2025-01-30 11:52:07 [main] INFO  com.neuralytics.listeners.TestListener - Test Started: testThatRequiresRestart
2025-01-30 11:52:07 - [INFO] Starting test: testThatRequiresRestart
2025-01-30 11:52:07 - [INFO] SeleniumWrapper initialized with timeout: 10 seconds
2025-01-30 11:52:07 - [INFO] Performing actions that require a fresh browser.
2025-01-30 11:52:07 [main] INFO  com.neuralytics.utils.SeleniumWrapper - Typing 'Restart Test' in element: By.id: twotabsearchtextbox
2025-01-30 11:52:07 - [INFO] Typing 'Restart Test' in element: By.id: twotabsearchtextbox
2025-01-30 11:52:07 - [PASS] Successfully typed 'Restart Test' in element: By.id: twotabsearchtextbox
2025-01-30 11:52:07 [main] INFO  com.neuralytics.utils.SeleniumWrapper - Clicking element: By.id: nav-search-submit-button
2025-01-30 11:52:07 - [INFO] Clicking element: By.id: nav-search-submit-button
2025-01-30 11:52:09 - [PASS] Successfully clicked element: By.id: nav-search-submit-button
2025-01-30 11:52:09 [main] INFO  com.neuralytics.tests.BaseTest - Marking browser for restart...
2025-01-30 11:52:09 - [INFO] Marked browser for restart.
2025-01-30 11:52:09 - [PASS] Actions requiring browser restart completed successfully.
2025-01-30 11:52:09 - [PASS] Test Passed: testThatRequiresRestart
2025-01-30 11:52:09 [main] INFO  com.neuralytics.listeners.TestListener - Test Passed: testThatRequiresRestart
2025-01-30 11:52:09 [main] INFO  com.neuralytics.tests.BaseTest - Tearing down test...
2025-01-30 11:52:09 [main] INFO  com.neuralytics.tests.BaseTest - All cookies deleted successfully.
2025-01-30 11:52:09 - Ending test.
2025-01-30 11:52:09 [main] WARN  com.neuralytics.utils.ReportManager - Attempted to log INFO, but no active test found.
2025-01-30 11:52:09 - ExtentReports flushed successfully.
End Time: 2025-01-30 11:52:09
2025-01-30 11:52:09 [main] INFO  com.neuralytics.listeners.TestListener - Test Suite Finished: Regression Tests
2025-01-30 11:52:09 [main] INFO  com.neuralytics.tests.BaseTest - Tearing down browser for the test suite...
2025-01-30 11:52:09 [main] INFO  com.neuralytics.tests.BaseTest - Browser quit successfully.
2025-01-30 11:52:09 [main] ERROR com.neuralytics.utils.ReportManager - Error writing to log file: Stream closed
java.io.IOException: Stream closed
	at java.base/sun.nio.cs.StreamEncoder.ensureOpen(StreamEncoder.java:51) ~[?:?]
	at java.base/sun.nio.cs.StreamEncoder.write(StreamEncoder.java:125) ~[?:?]
	at java.base/sun.nio.cs.StreamEncoder.write(StreamEncoder.java:142) ~[?:?]
	at java.base/java.io.OutputStreamWriter.write(OutputStreamWriter.java:223) ~[?:?]
	at java.base/java.io.Writer.write(Writer.java:249) ~[?:?]
	at com.neuralytics.utils.ReportManager.logToFile(ReportManager.java:127) [classes/:?]
	at com.neuralytics.utils.ReportManager.tearDown(ReportManager.java:110) [classes/:?]
	at com.neuralytics.tests.BaseTest.tearDownSuite(BaseTest.java:94) [test-classes/:?]
	at java.base/jdk.internal.reflect.NativeMethodAccessorImpl.invoke0(Native Method) ~[?:?]
	at java.base/jdk.internal.reflect.NativeMethodAccessorImpl.invoke(NativeMethodAccessorImpl.java:77) ~[?:?]
	at java.base/jdk.internal.reflect.DelegatingMethodAccessorImpl.invoke(DelegatingMethodAccessorImpl.java:43) ~[?:?]
	at java.base/java.lang.reflect.Method.invoke(Method.java:569) ~[?:?]
	at org.testng.internal.invokers.MethodInvocationHelper.invokeMethod(MethodInvocationHelper.java:141) [testng-7.10.2.jar:7.10.2]
	at org.testng.internal.invokers.MethodInvocationHelper.invokeMethodConsideringTimeout(MethodInvocationHelper.java:71) [testng-7.10.2.jar:7.10.2]
	at org.testng.internal.invokers.ConfigInvoker.invokeConfigurationMethod(ConfigInvoker.java:400) [testng-7.10.2.jar:7.10.2]
	at org.testng.internal.invokers.ConfigInvoker.invokeConfigurations(ConfigInvoker.java:333) [testng-7.10.2.jar:7.10.2]
	at org.testng.SuiteRunner.privateRun(SuiteRunner.java:386) [testng-7.10.2.jar:7.10.2]
	at org.testng.SuiteRunner.run(SuiteRunner.java:312) [testng-7.10.2.jar:7.10.2]
	at org.testng.SuiteRunnerWorker.runSuite(SuiteRunnerWorker.java:52) [testng-7.10.2.jar:7.10.2]
	at org.testng.SuiteRunnerWorker.run(SuiteRunnerWorker.java:95) [testng-7.10.2.jar:7.10.2]
	at org.testng.TestNG.runSuitesSequentially(TestNG.java:1274) [testng-7.10.2.jar:7.10.2]
	at org.testng.TestNG.runSuitesLocally(TestNG.java:1208) [testng-7.10.2.jar:7.10.2]
	at org.testng.TestNG.runSuites(TestNG.java:1112) [testng-7.10.2.jar:7.10.2]
	at org.testng.TestNG.run(TestNG.java:1079) [testng-7.10.2.jar:7.10.2]
	at org.apache.maven.surefire.testng.TestNGExecutor.run(TestNGExecutor.java:308) [surefire-testng-3.2.5.jar:3.2.5]
	at org.apache.maven.surefire.testng.TestNGXmlTestSuite.execute(TestNGXmlTestSuite.java:71) [surefire-testng-3.2.5.jar:3.2.5]
	at org.apache.maven.surefire.testng.TestNGProvider.invoke(TestNGProvider.java:113) [surefire-testng-3.2.5.jar:3.2.5]
	at org.apache.maven.surefire.booter.ForkedBooter.runSuitesInProcess(ForkedBooter.java:385) [surefire-booter-3.2.5.jar:3.2.5]
	at org.apache.maven.surefire.booter.ForkedBooter.execute(ForkedBooter.java:162) [surefire-booter-3.2.5.jar:3.2.5]
	at org.apache.maven.surefire.booter.ForkedBooter.run(ForkedBooter.java:507) [surefire-booter-3.2.5.jar:3.2.5]
	at org.apache.maven.surefire.booter.ForkedBooter.main(ForkedBooter.java:495) [surefire-booter-3.2.5.jar:3.2.5]
2025-01-30 11:52:09 [main] ERROR com.neuralytics.utils.ReportManager - Error closing log file: Stream closed
java.io.IOException: Stream closed
	at java.base/sun.nio.cs.StreamEncoder.ensureOpen(StreamEncoder.java:51) ~[?:?]
	at java.base/sun.nio.cs.StreamEncoder.write(StreamEncoder.java:125) ~[?:?]
	at java.base/sun.nio.cs.StreamEncoder.write(StreamEncoder.java:142) ~[?:?]
	at java.base/java.io.OutputStreamWriter.write(OutputStreamWriter.java:223) ~[?:?]
	at java.base/java.io.Writer.write(Writer.java:249) ~[?:?]
	at com.neuralytics.utils.ReportManager.closeLogFile(ReportManager.java:141) [classes/:?]
	at com.neuralytics.utils.ReportManager.tearDown(ReportManager.java:113) [classes/:?]
	at com.neuralytics.tests.BaseTest.tearDownSuite(BaseTest.java:94) [test-classes/:?]
	at java.base/jdk.internal.reflect.NativeMethodAccessorImpl.invoke0(Native Method) ~[?:?]
	at java.base/jdk.internal.reflect.NativeMethodAccessorImpl.invoke(NativeMethodAccessorImpl.java:77) ~[?:?]
	at java.base/jdk.internal.reflect.DelegatingMethodAccessorImpl.invoke(DelegatingMethodAccessorImpl.java:43) ~[?:?]
	at java.base/java.lang.reflect.Method.invoke(Method.java:569) ~[?:?]
	at org.testng.internal.invokers.MethodInvocationHelper.invokeMethod(MethodInvocationHelper.java:141) [testng-7.10.2.jar:7.10.2]
	at org.testng.internal.invokers.MethodInvocationHelper.invokeMethodConsideringTimeout(MethodInvocationHelper.java:71) [testng-7.10.2.jar:7.10.2]
	at org.testng.internal.invokers.ConfigInvoker.invokeConfigurationMethod(ConfigInvoker.java:400) [testng-7.10.2.jar:7.10.2]
	at org.testng.internal.invokers.ConfigInvoker.invokeConfigurations(ConfigInvoker.java:333) [testng-7.10.2.jar:7.10.2]
	at org.testng.SuiteRunner.privateRun(SuiteRunner.java:386) [testng-7.10.2.jar:7.10.2]
	at org.testng.SuiteRunner.run(SuiteRunner.java:312) [testng-7.10.2.jar:7.10.2]
	at org.testng.SuiteRunnerWorker.runSuite(SuiteRunnerWorker.java:52) [testng-7.10.2.jar:7.10.2]
	at org.testng.SuiteRunnerWorker.run(SuiteRunnerWorker.java:95) [testng-7.10.2.jar:7.10.2]
	at org.testng.TestNG.runSuitesSequentially(TestNG.java:1274) [testng-7.10.2.jar:7.10.2]
	at org.testng.TestNG.runSuitesLocally(TestNG.java:1208) [testng-7.10.2.jar:7.10.2]
	at org.testng.TestNG.runSuites(TestNG.java:1112) [testng-7.10.2.jar:7.10.2]
	at org.testng.TestNG.run(TestNG.java:1079) [testng-7.10.2.jar:7.10.2]
	at org.apache.maven.surefire.testng.TestNGExecutor.run(TestNGExecutor.java:308) [surefire-testng-3.2.5.jar:3.2.5]
	at org.apache.maven.surefire.testng.TestNGXmlTestSuite.execute(TestNGXmlTestSuite.java:71) [surefire-testng-3.2.5.jar:3.2.5]
	at org.apache.maven.surefire.testng.TestNGProvider.invoke(TestNGProvider.java:113) [surefire-testng-3.2.5.jar:3.2.5]
	at org.apache.maven.surefire.booter.ForkedBooter.runSuitesInProcess(ForkedBooter.java:385) [surefire-booter-3.2.5.jar:3.2.5]
	at org.apache.maven.surefire.booter.ForkedBooter.execute(ForkedBooter.java:162) [surefire-booter-3.2.5.jar:3.2.5]
	at org.apache.maven.surefire.booter.ForkedBooter.run(ForkedBooter.java:507) [surefire-booter-3.2.5.jar:3.2.5]
	at org.apache.maven.surefire.booter.ForkedBooter.main(ForkedBooter.java:495) [surefire-booter-3.2.5.jar:3.2.5]
